98.07.31 14:13 B C:\Temp\image2\natl.archives.pics\draden-discharge-144-thb.JPG <-- jch /p6/users/ela/public_html/usct/natl.archives.pics draden-discharge-144-thb.JPG
98.07.31 14:13 B C:\Temp\image2\natl.archives.pics\draden-discharge-144.JPG <-- jch /p6/users/ela/public_html/usct/natl.archives.pics draden-discharge-144.JPG
98.07.31 14:13 B C:\Temp\image2\natl.archives.pics\gray-pension-147-thb.JPG <-- jch /p6/users/ela/public_html/usct/natl.archives.pics gray-pension-147-thb.JPG
98.07.31 14:13 B C:\Temp\image2\natl.archives.pics\gray-pension-147.JPG <-- jch /p6/users/ela/public_html/usct/natl.archives.pics gray-pension-147.JPG
98.07.31 14:13 B C:\Temp\image2\natl.archives.pics\London-discharge-139-thb.JPG <-- jch /p6/users/ela/public_html/usct/natl.archives.pics London-discharge-139-thb.JPG
98.07.31 14:13 B C:\Temp\image2\natl.archives.pics\London-discharge-139.JPG <-- jch /p6/users/ela/public_html/usct/natl.archives.pics London-discharge-139.JPG
98.07.31 14:13 B C:\Temp\image2\natl.archives.pics\McDonald-invalid-146-thb.JPG <-- jch /p6/users/ela/public_html/usct/natl.archives.pics McDonald-invalid-146-thb.JPG
98.07.31 14:13 B C:\Temp\image2\natl.archives.pics\McDonald-invalid-146.JPG <-- jch /p6/users/ela/public_html/usct/natl.archives.pics McDonald-invalid-146.JPG
98.07.31 14:13 B C:\Temp\image2\natl.archives.pics\pensiondec-young-149-thb.JPG <-- jch /p6/users/ela/public_html/usct/natl.archives.pics pensiondec-young-149-thb.JPG
98.07.31 14:13 B C:\Temp\image2\natl.archives.pics\pensiondec-young-149.JPG <-- jch /p6/users/ela/public_html/usct/natl.archives.pics pensiondec-young-149.JPG
98.07.31 14:13 B C:\Temp\image2\natl.archives.pics\stoner-marriage-140-thb.JPG <-- jch /p6/users/ela/public_html/usct/natl.archives.pics stoner-marriage-140-thb.JPG
98.07.31 14:13 B C:\Temp\image2\natl.archives.pics\stoner-marriage-140.JPG <-- jch /p6/users/ela/public_html/usct/natl.archives.pics stoner-marriage-140.JPG
98.07.31 14:13 B C:\Temp\image2\natl.archives.pics\under16Barnes-151-thb.JPG <-- jch /p6/users/ela/public_html/usct/natl.archives.pics under16Barnes-151-thb.JPG
98.07.31 14:13 B C:\Temp\image2\natl.archives.pics\under16Barnes-151.JPG <-- jch /p6/users/ela/public_html/usct/natl.archives.pics under16Barnes-151.JPG
98.07.31 14:13 B C:\Temp\image2\natl.archives.pics\Watkins-145-thb.JPG <-- jch /p6/users/ela/public_html/usct/natl.archives.pics Watkins-145-thb.JPG
98.07.31 14:13 B C:\Temp\image2\natl.archives.pics\Watkins-145.JPG <-- jch /p6/users/ela/public_html/usct/natl.archives.pics Watkins-145.JPG
98.07.31 14:13 B C:\Temp\image2\natl.archives.pics\young-150-thb.JPG <-- jch /p6/users/ela/public_html/usct/natl.archives.pics young-150-thb.JPG
98.07.31 14:13 B C:\Temp\image2\natl.archives.pics\young-150.JPG <-- jch /p6/users/ela/public_html/usct/natl.archives.pics young-150.JPG
98.07.31 14:13 B C:\Temp\image2\natl.archives.pics\young-surgery-148-thb.JPG <-- jch /p6/users/ela/public_html/usct/natl.archives.pics young-surgery-148-thb.JPG
98.07.31 14:13 B C:\Temp\image2\natl.archives.pics\young-surgery-148.JPG <-- jch /p6/users/ela/public_html/usct/natl.archives.pics young-surgery-148.JPG
98.07.31 14:13 B C:\Temp\image2\natl.archives.pics\134daviswounded-thb.JPG <-- jch /p6/users/ela/public_html/usct/natl.archives.pics 134daviswounded-thb.JPG
98.07.31 14:13 B C:\Temp\image2\natl.archives.pics\barnes-153-thb.JPG <-- jch /p6/users/ela/public_html/usct/natl.archives.pics barnes-153-thb.JPG
98.07.31 14:13 B C:\Temp\image2\natl.archives.pics\barnes-153.JPG <-- jch /p6/users/ela/public_html/usct/natl.archives.pics barnes-153.JPG
98.07.31 14:14 B C:\Temp\image2\natl.archives.pics\barnes2-153-thb.JPG <-- jch /p6/users/ela/public_html/usct/natl.archives.pics barnes2-153-thb.JPG
98.07.31 14:14 B C:\Temp\image2\natl.archives.pics\barnes2-153.JPG <-- jch /p6/users/ela/public_html/usct/natl.archives.pics barnes2-153.JPG
98.07.31 14:14 B C:\Temp\image2\natl.archives.pics\Butler-marriage-137-thb.JPG <-- jch /p6/users/ela/public_html/usct/natl.archives.pics Butler-marriage-137-thb.JPG
98.07.31 14:14 B C:\Temp\image2\natl.archives.pics\Butler-marriage-137.JPG <-- jch /p6/users/ela/public_html/usct/natl.archives.pics Butler-marriage-137.JPG
98.07.31 14:14 B C:\Temp\image2\natl.archives.pics\daviswife1-136-thb.JPG <-- jch /p6/users/ela/public_html/usct/natl.archives.pics daviswife1-136-thb.JPG
98.07.31 14:14 B C:\Temp\image2\natl.archives.pics\daviswife1-136.JPG <-- jch /p6/users/ela/public_html/usct/natl.archives.pics daviswife1-136.JPG
98.07.31 14:14 B C:\Temp\image2\natl.archives.pics\daviswife2-135-thb.JPG <-- jch /p6/users/ela/public_html/usct/natl.archives.pics daviswife2-135-thb.JPG
98.07.31 14:14 B C:\Temp\image2\natl.archives.pics\daviswife2-135.JPG <-- jch /p6/users/ela/public_html/usct/natl.archives.pics daviswife2-135.JPG
98.07.31 14:14 B C:\Temp\image2\natl.archives.pics\daviswounded.JPG <-- jch /p6/users/ela/public_html/usct/natl.archives.pics daviswounded.JPG
98.07.31 14:14 B C:\Temp\image2\natl.archives.pics\134daviswounded-thb.JPG --> jefferson.village /lv12/users/ela/vshadow2/HIUS403/usct/nat.archives.pics 134daviswounded-thb.JPG
98.07.31 14:14 B C:\Temp\image2\natl.archives.pics\barnes-153-thb.JPG --> jefferson.village /lv12/users/ela/vshadow2/HIUS403/usct/nat.archives.pics barnes-153-thb.JPG
98.07.31 14:14 B C:\Temp\image2\natl.archives.pics\barnes-153.JPG --> jefferson.village /lv12/users/ela/vshadow2/HIUS403/usct/nat.archives.pics barnes-153.JPG
98.07.31 14:14 B C:\Temp\image2\natl.archives.pics\barnes2-153-thb.JPG --> jefferson.village /lv12/users/ela/vshadow2/HIUS403/usct/nat.archives.pics barnes2-153-thb.JPG
98.07.31 14:14 B C:\Temp\image2\natl.archives.pics\barnes2-153.JPG --> jefferson.village /lv12/users/ela/vshadow2/HIUS403/usct/nat.archives.pics barnes2-153.JPG
98.07.31 14:14 B C:\Temp\image2\natl.archives.pics\Butler-marriage-137-thb.JPG --> jefferson.village /lv12/users/ela/vshadow2/HIUS403/usct/nat.archives.pics Butler-marriage-137-thb.JPG
98.07.31 14:14 B C:\Temp\image2\natl.archives.pics\Butler-marriage-137.JPG --> jefferson.village /lv12/users/ela/vshadow2/HIUS403/usct/nat.archives.pics Butler-marriage-137.JPG
98.07.31 14:14 B C:\Temp\image2\natl.archives.pics\daviswife1-136-thb.JPG --> jefferson.village /lv12/users/ela/vshadow2/HIUS403/usct/nat.archives.pics daviswife1-136-thb.JPG
98.07.31 14:14 B C:\Temp\image2\natl.archives.pics\daviswife1-136.JPG --> jefferson.village /lv12/users/ela/vshadow2/HIUS403/usct/nat.archives.pics daviswife1-136.JPG
98.07.31 14:14 B C:\Temp\image2\natl.archives.pics\daviswife2-135-thb.JPG --> jefferson.village /lv12/users/ela/vshadow2/HIUS403/usct/nat.archives.pics daviswife2-135-thb.JPG
98.07.31 14:14 B C:\Temp\image2\natl.archives.pics\daviswife2-135.JPG --> jefferson.village /lv12/users/ela/vshadow2/HIUS403/usct/nat.archives.pics daviswife2-135.JPG
98.07.31 14:14 B C:\Temp\image2\natl.archives.pics\daviswounded.JPG --> jefferson.village /lv12/users/ela/vshadow2/HIUS403/usct/nat.archives.pics daviswounded.JPG
98.07.31 14:14 B C:\Temp\image2\natl.archives.pics\draden-discharge-144-thb.JPG --> jefferson.village /lv12/users/ela/vshadow2/HIUS403/usct/nat.archives.pics draden-discharge-144-thb.JPG
98.07.31 14:15 B C:\Temp\image2\natl.archives.pics\draden-discharge-144.JPG --> jefferson.village /lv12/users/ela/vshadow2/HIUS403/usct/nat.archives.pics draden-discharge-144.JPG
98.07.31 14:15 B C:\Temp\image2\natl.archives.pics\gray-pension-147-thb.JPG --> jefferson.village /lv12/users/ela/vshadow2/HIUS403/usct/nat.archives.pics gray-pension-147-thb.JPG
98.07.31 14:15 B C:\Temp\image2\natl.archives.pics\gray-pension-147.JPG --> jefferson.village /lv12/users/ela/vshadow2/HIUS403/usct/nat.archives.pics gray-pension-147.JPG
98.07.31 14:15 B C:\Temp\image2\natl.archives.pics\London-discharge-139-thb.JPG --> jefferson.village /lv12/users/ela/vshadow2/HIUS403/usct/nat.archives.pics London-discharge-139-thb.JPG
98.07.31 14:15 B C:\Temp\image2\natl.archives.pics\London-discharge-139.JPG --> jefferson.village /lv12/users/ela/vshadow2/HIUS403/usct/nat.archives.pics London-discharge-139.JPG
98.07.31 14:15 B C:\Temp\image2\natl.archives.pics\McDonald-invalid-146-thb.JPG --> jefferson.village /lv12/users/ela/vshadow2/HIUS403/usct/nat.archives.pics McDonald-invalid-146-thb.JPG
98.07.31 14:15 B C:\Temp\image2\natl.archives.pics\McDonald-invalid-146.JPG --> jefferson.village /lv12/users/ela/vshadow2/HIUS403/usct/nat.archives.pics McDonald-invalid-146.JPG
98.07.31 14:15 B C:\Temp\image2\natl.archives.pics\pensiondec-young-149-thb.JPG --> jefferson.village /lv12/users/ela/vshadow2/HIUS403/usct/nat.archives.pics pensiondec-young-149-thb.JPG
98.07.31 14:15 B C:\Temp\image2\natl.archives.pics\pensiondec-young-149.JPG --> jefferson.village /lv12/users/ela/vshadow2/HIUS403/usct/nat.archives.pics pensiondec-young-149.JPG
98.07.31 14:15 B C:\Temp\image2\natl.archives.pics\stoner-marriage-140-thb.JPG --> jefferson.village /lv12/users/ela/vshadow2/HIUS403/usct/nat.archives.pics stoner-marriage-140-thb.JPG
98.07.31 14:15 B C:\Temp\image2\natl.archives.pics\stoner-marriage-140.JPG --> jefferson.village /lv12/users/ela/vshadow2/HIUS403/usct/nat.archives.pics stoner-marriage-140.JPG
98.07.31 14:15 B C:\Temp\image2\natl.archives.pics\under16Barnes-151-thb.JPG --> jefferson.village /lv12/users/ela/vshadow2/HIUS403/usct/nat.archives.pics under16Barnes-151-thb.JPG
98.07.31 14:15 B C:\Temp\image2\natl.archives.pics\under16Barnes-151.JPG --> jefferson.village /lv12/users/ela/vshadow2/HIUS403/usct/nat.archives.pics under16Barnes-151.JPG
98.07.31 14:15 B C:\Temp\image2\natl.archives.pics\Watkins-145-thb.JPG --> jefferson.village /lv12/users/ela/vshadow2/HIUS403/usct/nat.archives.pics Watkins-145-thb.JPG
98.07.31 14:15 B C:\Temp\image2\natl.archives.pics\Watkins-145.JPG --> jefferson.village /lv12/users/ela/vshadow2/HIUS403/usct/nat.archives.pics Watkins-145.JPG
