98.07.29 11:14 B C:\Temp\Sonja\begin.html <-- jch /p6/users/ela/public_html/77pa/Sonja begin.html
98.07.29 11:14 B C:\Temp\Sonja\begin1.html <-- jch /p6/users/ela/public_html/77pa/Sonja begin1.html
98.07.29 11:14 B C:\Temp\Sonja\begin2.html <-- jch /p6/users/ela/public_html/77pa/Sonja begin2.html
98.07.29 11:15 B C:\Temp\Sonja\begin3.html <-- jch /p6/users/ela/public_html/77pa/Sonja begin3.html
98.07.29 11:15 B C:\Temp\Sonja\begin4.html <-- jch /p6/users/ela/public_html/77pa/Sonja begin4.html
98.07.29 11:15 B C:\Temp\Sonja\either.GIF <-- jch /p6/users/ela/public_html/77pa/Sonja either.GIF
98.07.29 11:15 B C:\Temp\Sonja\harpdream.JPG <-- jch /p6/users/ela/public_html/77pa/Sonja harpdream.JPG
98.07.29 11:15 B C:\Temp\Sonja\harphome.JPG <-- jch /p6/users/ela/public_html/77pa/Sonja harphome.JPG
98.07.29 11:15 B C:\Temp\Sonja\harpwom.JPG <-- jch /p6/users/ela/public_html/77pa/Sonja harpwom.JPG
98.07.29 11:15 B C:\Temp\Sonja\home.jpg <-- jch /p6/users/ela/public_html/77pa/Sonja home.jpg
98.07.29 11:15 B C:\Temp\Sonja\letter1b.html <-- jch /p6/users/ela/public_html/77pa/Sonja letter1b.html
98.07.29 11:15 B C:\Temp\Sonja\letter2.html <-- jch /p6/users/ela/public_html/77pa/Sonja letter2.html
98.07.29 11:15 B C:\Temp\Sonja\letter3.html <-- jch /p6/users/ela/public_html/77pa/Sonja letter3.html
98.07.29 11:15 B C:\Temp\Sonja\letter4.html <-- jch /p6/users/ela/public_html/77pa/Sonja letter4.html
98.07.29 11:15 B C:\Temp\Sonja\letters2.JPG <-- jch /p6/users/ela/public_html/77pa/Sonja letters2.JPG
98.07.29 11:15 B C:\Temp\Sonja\search.html <-- jch /p6/users/ela/public_html/77pa/Sonja search.html
98.07.29 11:15 B C:\Temp\Sonja\search_hosp <-- jch /p6/users/ela/public_html/77pa/Sonja search_hosp
98.07.29 11:15 B C:\Temp\Sonja\sollett.html <-- jch /p6/users/ela/public_html/77pa/Sonja sollett.html
98.07.29 11:15 B C:\Temp\Sonja\stark2.html <-- jch /p6/users/ela/public_html/77pa/Sonja stark2.html
98.07.29 11:15 B C:\Temp\Sonja\stark2.JPG <-- jch /p6/users/ela/public_html/77pa/Sonja stark2.JPG
98.07.29 11:15 B C:\Temp\Sonja\stark3.html <-- jch /p6/users/ela/public_html/77pa/Sonja stark3.html
98.07.29 11:15 B C:\Temp\Sonja\stark3.JPG <-- jch /p6/users/ela/public_html/77pa/Sonja stark3.JPG
98.07.29 11:15 B C:\Temp\Sonja\starklett1.html <-- jch /p6/users/ela/public_html/77pa/Sonja starklett1.html
98.07.29 11:15 B C:\Temp\Sonja\starklett1.JPG <-- jch /p6/users/ela/public_html/77pa/Sonja starklett1.JPG
98.07.29 11:15 B C:\Temp\Sonja\starklett2.html <-- jch /p6/users/ela/public_html/77pa/Sonja starklett2.html
98.07.29 11:15 B C:\Temp\Sonja\starklett2.JPG <-- jch /p6/users/ela/public_html/77pa/Sonja starklett2.JPG
98.07.29 11:15 B C:\Temp\Sonja\teamsters.JPG <-- jch /p6/users/ela/public_html/77pa/Sonja teamsters.JPG
98.07.29 11:15 B C:\Temp\Sonja\teamsters2.JPG <-- jch /p6/users/ela/public_html/77pa/Sonja teamsters2.JPG
98.07.29 11:15 B C:\Temp\Sonja\VS012262f.JPG <-- jch /p6/users/ela/public_html/77pa/Sonja VS012262f.JPG
98.07.29 11:15 B C:\Temp\Sonja\VS073062.html <-- jch /p6/users/ela/public_html/77pa/Sonja VS073062.html
98.07.29 11:15 B C:\Temp\Sonja\vshead2.jpg <-- jch /p6/users/ela/public_html/77pa/Sonja vshead2.jpg
98.07.29 11:15 B C:\Temp\Sonja\Wadelett1.JPG <-- jch /p6/users/ela/public_html/77pa/Sonja Wadelett1.JPG
98.07.29 11:15 B C:\Temp\Sonja\Walkerlett.JPG <-- jch /p6/users/ela/public_html/77pa/Sonja Walkerlett.JPG
98.07.29 11:15 B C:\Temp\Sonja\Walkermed.JPG <-- jch /p6/users/ela/public_html/77pa/Sonja Walkermed.JPG
98.07.29 11:15 B C:\Temp\Sonja\warnews.GIF <-- jch /p6/users/ela/public_html/77pa/Sonja warnews.GIF
98.07.29 11:18 B C:\Temp\Sonja\begin.html --> jefferson.village /lv12/users/ela/vshadow2/HIUS403/77pa/Sonja begin.html
98.07.29 11:18 B C:\Temp\Sonja\begin1.html --> jefferson.village /lv12/users/ela/vshadow2/HIUS403/77pa/Sonja begin1.html
98.07.29 11:18 B C:\Temp\Sonja\begin2.html --> jefferson.village /lv12/users/ela/vshadow2/HIUS403/77pa/Sonja begin2.html
98.07.29 11:18 B C:\Temp\Sonja\begin3.html --> jefferson.village /lv12/users/ela/vshadow2/HIUS403/77pa/Sonja begin3.html
98.07.29 11:18 B C:\Temp\Sonja\begin4.html --> jefferson.village /lv12/users/ela/vshadow2/HIUS403/77pa/Sonja begin4.html
98.07.29 11:18 B C:\Temp\Sonja\either.GIF --> jefferson.village /lv12/users/ela/vshadow2/HIUS403/77pa/Sonja either.GIF
98.07.29 11:18 B C:\Temp\Sonja\harpdream.JPG --> jefferson.village /lv12/users/ela/vshadow2/HIUS403/77pa/Sonja harpdream.JPG
98.07.29 11:18 B C:\Temp\Sonja\harphome.JPG --> jefferson.village /lv12/users/ela/vshadow2/HIUS403/77pa/Sonja harphome.JPG
98.07.29 11:18 B C:\Temp\Sonja\harpwom.JPG --> jefferson.village /lv12/users/ela/vshadow2/HIUS403/77pa/Sonja harpwom.JPG
98.07.29 11:18 B C:\Temp\Sonja\home.jpg --> jefferson.village /lv12/users/ela/vshadow2/HIUS403/77pa/Sonja home.jpg
98.07.29 11:18 B C:\Temp\Sonja\letter1b.html --> jefferson.village /lv12/users/ela/vshadow2/HIUS403/77pa/Sonja letter1b.html
98.07.29 11:18 B C:\Temp\Sonja\letter2.html --> jefferson.village /lv12/users/ela/vshadow2/HIUS403/77pa/Sonja letter2.html
98.07.29 11:18 B C:\Temp\Sonja\letter3.html --> jefferson.village /lv12/users/ela/vshadow2/HIUS403/77pa/Sonja letter3.html
98.07.29 11:18 B C:\Temp\Sonja\letter4.html --> jefferson.village /lv12/users/ela/vshadow2/HIUS403/77pa/Sonja letter4.html
98.07.29 11:18 B C:\Temp\Sonja\letters2.JPG --> jefferson.village /lv12/users/ela/vshadow2/HIUS403/77pa/Sonja letters2.JPG
98.07.29 11:18 B C:\Temp\Sonja\search.html --> jefferson.village /lv12/users/ela/vshadow2/HIUS403/77pa/Sonja search.html
98.07.29 11:18 B C:\Temp\Sonja\search_hosp --> jefferson.village /lv12/users/ela/vshadow2/HIUS403/77pa/Sonja search_hosp
98.07.29 11:18 B C:\Temp\Sonja\sollett.html --> jefferson.village /lv12/users/ela/vshadow2/HIUS403/77pa/Sonja sollett.html
98.07.29 11:18 B C:\Temp\Sonja\stark2.html --> jefferson.village /lv12/users/ela/vshadow2/HIUS403/77pa/Sonja stark2.html
98.07.29 11:18 B C:\Temp\Sonja\stark2.JPG --> jefferson.village /lv12/users/ela/vshadow2/HIUS403/77pa/Sonja stark2.JPG
98.07.29 11:18 B C:\Temp\Sonja\stark3.html --> jefferson.village /lv12/users/ela/vshadow2/HIUS403/77pa/Sonja stark3.html
98.07.29 11:18 B C:\Temp\Sonja\stark3.JPG --> jefferson.village /lv12/users/ela/vshadow2/HIUS403/77pa/Sonja stark3.JPG
98.07.29 11:18 B C:\Temp\Sonja\starklett1.html --> jefferson.village /lv12/users/ela/vshadow2/HIUS403/77pa/Sonja starklett1.html
98.07.29 11:18 B C:\Temp\Sonja\starklett1.JPG --> jefferson.village /lv12/users/ela/vshadow2/HIUS403/77pa/Sonja starklett1.JPG
98.07.29 11:18 B C:\Temp\Sonja\starklett2.html --> jefferson.village /lv12/users/ela/vshadow2/HIUS403/77pa/Sonja starklett2.html
98.07.29 11:18 B C:\Temp\Sonja\starklett2.JPG --> jefferson.village /lv12/users/ela/vshadow2/HIUS403/77pa/Sonja starklett2.JPG
98.07.29 11:18 B C:\Temp\Sonja\teamsters.JPG --> jefferson.village /lv12/users/ela/vshadow2/HIUS403/77pa/Sonja teamsters.JPG
98.07.29 11:18 B C:\Temp\Sonja\teamsters2.JPG --> jefferson.village /lv12/users/ela/vshadow2/HIUS403/77pa/Sonja teamsters2.JPG
98.07.29 11:18 B C:\Temp\Sonja\VS012262f.JPG --> jefferson.village /lv12/users/ela/vshadow2/HIUS403/77pa/Sonja VS012262f.JPG
98.07.29 11:18 B C:\Temp\Sonja\VS073062.html --> jefferson.village /lv12/users/ela/vshadow2/HIUS403/77pa/Sonja VS073062.html
98.07.29 11:18 B C:\Temp\Sonja\vshead2.jpg --> jefferson.village /lv12/users/ela/vshadow2/HIUS403/77pa/Sonja vshead2.jpg
98.07.29 11:18 B C:\Temp\Sonja\Wadelett1.JPG --> jefferson.village /lv12/users/ela/vshadow2/HIUS403/77pa/Sonja Wadelett1.JPG
98.07.29 11:18 B C:\Temp\Sonja\Walkerlett.JPG --> jefferson.village /lv12/users/ela/vshadow2/HIUS403/77pa/Sonja Walkerlett.JPG
98.07.29 11:18 B C:\Temp\Sonja\Walkermed.JPG --> jefferson.village /lv12/users/ela/vshadow2/HIUS403/77pa/Sonja Walkermed.JPG
98.07.29 11:18 B C:\Temp\Sonja\warnews.GIF --> jefferson.village /lv12/users/ela/vshadow2/HIUS403/77pa/Sonja warnews.GIF
