98.07.29 11:14 B C:\Temp\Leigh\atcamp.JPG <-- jch /p6/users/ela/public_html/77pa/Leigh atcamp.JPG
98.07.29 11:14 B C:\Temp\Leigh\atkenmt.JPG <-- jch /p6/users/ela/public_html/77pa/Leigh atkenmt.JPG
98.07.29 11:14 B C:\Temp\Leigh\atlanta.JPG <-- jch /p6/users/ela/public_html/77pa/Leigh atlanta.JPG
98.07.29 11:14 B C:\Temp\Leigh\atlantarr.JPG <-- jch /p6/users/ela/public_html/77pa/Leigh atlantarr.JPG
98.07.29 11:14 B C:\Temp\Leigh\atsite.JPG <-- jch /p6/users/ela/public_html/77pa/Leigh atsite.JPG
98.07.29 11:14 B C:\Temp\Leigh\atsite2.JPG <-- jch /p6/users/ela/public_html/77pa/Leigh atsite2.JPG
98.07.29 11:14 B C:\Temp\Leigh\beau.JPG <-- jch /p6/users/ela/public_html/77pa/Leigh beau.JPG
98.07.29 11:14 B C:\Temp\Leigh\boat.html <-- jch /p6/users/ela/public_html/77pa/Leigh boat.html
98.07.29 11:14 B C:\Temp\Leigh\boat.JPG <-- jch /p6/users/ela/public_html/77pa/Leigh boat.JPG
98.07.29 11:14 B C:\Temp\Leigh\chat1.gif <-- jch /p6/users/ela/public_html/77pa/Leigh chat1.gif
98.07.29 11:14 B C:\Temp\Leigh\chick1.html <-- jch /p6/users/ela/public_html/77pa/Leigh chick1.html
98.07.29 11:14 B C:\Temp\Leigh\chick1.JPG <-- jch /p6/users/ela/public_html/77pa/Leigh chick1.JPG
98.07.29 11:14 B C:\Temp\Leigh\chickaburns.JPG <-- jch /p6/users/ela/public_html/77pa/Leigh chickaburns.JPG
98.07.29 11:14 B C:\Temp\Leigh\chickmap.JPG <-- jch /p6/users/ela/public_html/77pa/Leigh chickmap.JPG
98.07.29 11:14 B C:\Temp\Leigh\chicksketch.JPG <-- jch /p6/users/ela/public_html/77pa/Leigh chicksketch.JPG
98.07.29 11:14 B C:\Temp\Leigh\citations.html <-- jch /p6/users/ela/public_html/77pa/Leigh citations.html
98.07.29 11:14 B C:\Temp\Leigh\cksite.JPG <-- jch /p6/users/ela/public_html/77pa/Leigh cksite.JPG
98.07.29 11:14 B C:\Temp\Leigh\corinthmap.JPG <-- jch /p6/users/ela/public_html/77pa/Leigh corinthmap.JPG
98.07.29 11:14 B C:\Temp\Leigh\corinthpic.JPG <-- jch /p6/users/ela/public_html/77pa/Leigh corinthpic.JPG
98.07.29 11:14 B C:\Temp\Leigh\des1.html <-- jch /p6/users/ela/public_html/77pa/Leigh des1.html
98.07.29 11:14 B C:\Temp\Leigh\des2.html <-- jch /p6/users/ela/public_html/77pa/Leigh des2.html
98.07.29 11:14 B C:\Temp\Leigh\des3.html <-- jch /p6/users/ela/public_html/77pa/Leigh des3.html
98.07.29 11:14 B C:\Temp\Leigh\des4.html <-- jch /p6/users/ela/public_html/77pa/Leigh des4.html
98.07.29 11:14 B C:\Temp\Leigh\des5.html <-- jch /p6/users/ela/public_html/77pa/Leigh des5.html
98.07.29 11:14 B C:\Temp\Leigh\docktenn.JPG <-- jch /p6/users/ela/public_html/77pa/Leigh docktenn.JPG
98.07.29 11:14 B C:\Temp\Leigh\grant.JPG <-- jch /p6/users/ela/public_html/77pa/Leigh grant.JPG
98.07.29 11:14 B C:\Temp\Leigh\johnston.JPG <-- jch /p6/users/ela/public_html/77pa/Leigh johnston.JPG
98.07.29 11:14 B C:\Temp\Leigh\kenmt.jpg <-- jch /p6/users/ela/public_html/77pa/Leigh kenmt.jpg
98.07.29 11:14 B C:\Temp\Leigh\landhead.jpg <-- jch /p6/users/ela/public_html/77pa/Leigh landhead.jpg
98.07.29 11:14 B C:\Temp\Leigh\landscape.html <-- jch /p6/users/ela/public_html/77pa/Leigh landscape.html
98.07.29 11:14 B C:\Temp\Leigh\mainmap.gif <-- jch /p6/users/ela/public_html/77pa/Leigh mainmap.gif
98.07.29 11:14 B C:\Temp\Leigh\mainmap.GIF <-- jch /p6/users/ela/public_html/77pa/Leigh mainmap.GIF
98.07.29 11:14 B C:\Temp\Leigh\mainmap.html <-- jch /p6/users/ela/public_html/77pa/Leigh mainmap.html
98.07.29 11:14 B C:\Temp\Leigh\murfsketch.JPG <-- jch /p6/users/ela/public_html/77pa/Leigh murfsketch.JPG
98.07.29 11:14 B C:\Temp\Leigh\nashmap.jpg <-- jch /p6/users/ela/public_html/77pa/Leigh nashmap.jpg
98.07.29 11:14 B C:\Temp\Leigh\order1.html <-- jch /p6/users/ela/public_html/77pa/Leigh order1.html
98.07.29 11:14 B C:\Temp\Leigh\order1.JPG <-- jch /p6/users/ela/public_html/77pa/Leigh order1.JPG
98.07.29 11:14 B C:\Temp\Leigh\paintnash.JPG <-- jch /p6/users/ela/public_html/77pa/Leigh paintnash.JPG
98.07.29 11:14 B C:\Temp\Leigh\peach.html <-- jch /p6/users/ela/public_html/77pa/Leigh peach.html
98.07.29 11:14 B C:\Temp\Leigh\peach.jpg <-- jch /p6/users/ela/public_html/77pa/Leigh peach.jpg
98.07.29 11:14 B C:\Temp\Leigh\physmap.html <-- jch /p6/users/ela/public_html/77pa/Leigh physmap.html
98.07.29 11:14 B C:\Temp\Leigh\physmap.jpg <-- jch /p6/users/ela/public_html/77pa/Leigh physmap.jpg
98.07.29 11:14 B C:\Temp\Leigh\physmap.JPG <-- jch /p6/users/ela/public_html/77pa/Leigh physmap.JPG
98.07.29 11:14 B C:\Temp\Leigh\pntshiloh.GIF <-- jch /p6/users/ela/public_html/77pa/Leigh pntshiloh.GIF
98.07.29 11:14 B C:\Temp\Leigh\shiloh.html <-- jch /p6/users/ela/public_html/77pa/Leigh shiloh.html
98.07.29 11:14 B C:\Temp\Leigh\shilohburns.JPG <-- jch /p6/users/ela/public_html/77pa/Leigh shilohburns.JPG
98.07.29 11:14 B C:\Temp\Leigh\shilohburns2.JPG <-- jch /p6/users/ela/public_html/77pa/Leigh shilohburns2.JPG
98.07.29 11:14 B C:\Temp\Leigh\shilohburns3.JPG <-- jch /p6/users/ela/public_html/77pa/Leigh shilohburns3.JPG
98.07.29 11:14 B C:\Temp\Leigh\shilohmap.GIF <-- jch /p6/users/ela/public_html/77pa/Leigh shilohmap.GIF
98.07.29 11:14 B C:\Temp\Leigh\shilohmap.gif <-- jch /p6/users/ela/public_html/77pa/Leigh shilohmap.gif
98.07.29 11:14 B C:\Temp\Leigh\shilsketch.gif <-- jch /p6/users/ela/public_html/77pa/Leigh shilsketch.gif
98.07.29 11:14 B C:\Temp\Leigh\tent.JPG <-- jch /p6/users/ela/public_html/77pa/Leigh tent.JPG
98.07.29 11:14 B C:\Temp\Leigh\thumb1.gif <-- jch /p6/users/ela/public_html/77pa/Leigh thumb1.gif
98.07.29 11:14 B C:\Temp\Leigh\thumb1.GIF <-- jch /p6/users/ela/public_html/77pa/Leigh thumb1.GIF
98.07.29 11:14 B C:\Temp\Leigh\thumb2.gif <-- jch /p6/users/ela/public_html/77pa/Leigh thumb2.gif
98.07.29 11:14 B C:\Temp\Leigh\thumb2.GIF <-- jch /p6/users/ela/public_html/77pa/Leigh thumb2.GIF
98.07.29 11:14 B C:\Temp\Leigh\unionstrategy.JPG <-- jch /p6/users/ela/public_html/77pa/Leigh unionstrategy.JPG
98.07.29 11:14 B C:\Temp\Leigh\unionstrategy2.PSD <-- jch /p6/users/ela/public_html/77pa/Leigh unionstrategy2.PSD
98.07.29 11:15 B C:\Temp\Leigh\atcamp.JPG --> jefferson.village /lv12/users/ela/vshadow2/HIUS403/77pa/Leigh atcamp.JPG
98.07.29 11:15 B C:\Temp\Leigh\atkenmt.JPG --> jefferson.village /lv12/users/ela/vshadow2/HIUS403/77pa/Leigh atkenmt.JPG
98.07.29 11:15 B C:\Temp\Leigh\atlanta.JPG --> jefferson.village /lv12/users/ela/vshadow2/HIUS403/77pa/Leigh atlanta.JPG
98.07.29 11:16 B C:\Temp\Leigh\atlantarr.JPG --> jefferson.village /lv12/users/ela/vshadow2/HIUS403/77pa/Leigh atlantarr.JPG
98.07.29 11:16 B C:\Temp\Leigh\atsite.JPG --> jefferson.village /lv12/users/ela/vshadow2/HIUS403/77pa/Leigh atsite.JPG
98.07.29 11:16 B C:\Temp\Leigh\atsite2.JPG --> jefferson.village /lv12/users/ela/vshadow2/HIUS403/77pa/Leigh atsite2.JPG
98.07.29 11:16 B C:\Temp\Leigh\beau.JPG --> jefferson.village /lv12/users/ela/vshadow2/HIUS403/77pa/Leigh beau.JPG
98.07.29 11:16 B C:\Temp\Leigh\boat.html --> jefferson.village /lv12/users/ela/vshadow2/HIUS403/77pa/Leigh boat.html
98.07.29 11:16 B C:\Temp\Leigh\boat.JPG --> jefferson.village /lv12/users/ela/vshadow2/HIUS403/77pa/Leigh boat.JPG
98.07.29 11:16 B C:\Temp\Leigh\chat1.gif --> jefferson.village /lv12/users/ela/vshadow2/HIUS403/77pa/Leigh chat1.gif
98.07.29 11:16 B C:\Temp\Leigh\chick1.html --> jefferson.village /lv12/users/ela/vshadow2/HIUS403/77pa/Leigh chick1.html
98.07.29 11:16 B C:\Temp\Leigh\chick1.JPG --> jefferson.village /lv12/users/ela/vshadow2/HIUS403/77pa/Leigh chick1.JPG
98.07.29 11:16 B C:\Temp\Leigh\chickaburns.JPG --> jefferson.village /lv12/users/ela/vshadow2/HIUS403/77pa/Leigh chickaburns.JPG
98.07.29 11:16 B C:\Temp\Leigh\chickmap.JPG --> jefferson.village /lv12/users/ela/vshadow2/HIUS403/77pa/Leigh chickmap.JPG
98.07.29 11:16 B C:\Temp\Leigh\chicksketch.JPG --> jefferson.village /lv12/users/ela/vshadow2/HIUS403/77pa/Leigh chicksketch.JPG
98.07.29 11:16 B C:\Temp\Leigh\citations.html --> jefferson.village /lv12/users/ela/vshadow2/HIUS403/77pa/Leigh citations.html
98.07.29 11:16 B C:\Temp\Leigh\cksite.JPG --> jefferson.village /lv12/users/ela/vshadow2/HIUS403/77pa/Leigh cksite.JPG
98.07.29 11:16 B C:\Temp\Leigh\corinthmap.JPG --> jefferson.village /lv12/users/ela/vshadow2/HIUS403/77pa/Leigh corinthmap.JPG
98.07.29 11:16 B C:\Temp\Leigh\corinthpic.JPG --> jefferson.village /lv12/users/ela/vshadow2/HIUS403/77pa/Leigh corinthpic.JPG
98.07.29 11:16 B C:\Temp\Leigh\des1.html --> jefferson.village /lv12/users/ela/vshadow2/HIUS403/77pa/Leigh des1.html
98.07.29 11:16 B C:\Temp\Leigh\des2.html --> jefferson.village /lv12/users/ela/vshadow2/HIUS403/77pa/Leigh des2.html
98.07.29 11:16 B C:\Temp\Leigh\des3.html --> jefferson.village /lv12/users/ela/vshadow2/HIUS403/77pa/Leigh des3.html
98.07.29 11:16 B C:\Temp\Leigh\des4.html --> jefferson.village /lv12/users/ela/vshadow2/HIUS403/77pa/Leigh des4.html
98.07.29 11:16 B C:\Temp\Leigh\des5.html --> jefferson.village /lv12/users/ela/vshadow2/HIUS403/77pa/Leigh des5.html
98.07.29 11:17 B C:\Temp\Leigh\docktenn.JPG --> jefferson.village /lv12/users/ela/vshadow2/HIUS403/77pa/Leigh docktenn.JPG
98.07.29 11:17 B C:\Temp\Leigh\grant.JPG --> jefferson.village /lv12/users/ela/vshadow2/HIUS403/77pa/Leigh grant.JPG
98.07.29 11:17 B C:\Temp\Leigh\johnston.JPG --> jefferson.village /lv12/users/ela/vshadow2/HIUS403/77pa/Leigh johnston.JPG
98.07.29 11:17 B C:\Temp\Leigh\kenmt.jpg --> jefferson.village /lv12/users/ela/vshadow2/HIUS403/77pa/Leigh kenmt.jpg
98.07.29 11:17 B C:\Temp\Leigh\landhead.jpg --> jefferson.village /lv12/users/ela/vshadow2/HIUS403/77pa/Leigh landhead.jpg
98.07.29 11:17 B C:\Temp\Leigh\landscape.html --> jefferson.village /lv12/users/ela/vshadow2/HIUS403/77pa/Leigh landscape.html
98.07.29 11:17 B C:\Temp\Leigh\mainmap.GIF --> jefferson.village /lv12/users/ela/vshadow2/HIUS403/77pa/Leigh mainmap.GIF
98.07.29 11:17 B C:\Temp\Leigh\mainmap.html --> jefferson.village /lv12/users/ela/vshadow2/HIUS403/77pa/Leigh mainmap.html
98.07.29 11:17 B C:\Temp\Leigh\murfsketch.JPG --> jefferson.village /lv12/users/ela/vshadow2/HIUS403/77pa/Leigh murfsketch.JPG
98.07.29 11:17 B C:\Temp\Leigh\nashmap.jpg --> jefferson.village /lv12/users/ela/vshadow2/HIUS403/77pa/Leigh nashmap.jpg
98.07.29 11:17 B C:\Temp\Leigh\order1.html --> jefferson.village /lv12/users/ela/vshadow2/HIUS403/77pa/Leigh order1.html
98.07.29 11:17 B C:\Temp\Leigh\order1.JPG --> jefferson.village /lv12/users/ela/vshadow2/HIUS403/77pa/Leigh order1.JPG
98.07.29 11:17 B C:\Temp\Leigh\paintnash.JPG --> jefferson.village /lv12/users/ela/vshadow2/HIUS403/77pa/Leigh paintnash.JPG
98.07.29 11:17 B C:\Temp\Leigh\peach.html --> jefferson.village /lv12/users/ela/vshadow2/HIUS403/77pa/Leigh peach.html
98.07.29 11:17 B C:\Temp\Leigh\peach.jpg --> jefferson.village /lv12/users/ela/vshadow2/HIUS403/77pa/Leigh peach.jpg
98.07.29 11:17 B C:\Temp\Leigh\physmap.html --> jefferson.village /lv12/users/ela/vshadow2/HIUS403/77pa/Leigh physmap.html
98.07.29 11:17 B C:\Temp\Leigh\physmap.JPG --> jefferson.village /lv12/users/ela/vshadow2/HIUS403/77pa/Leigh physmap.JPG
98.07.29 11:17 B C:\Temp\Leigh\pntshiloh.GIF --> jefferson.village /lv12/users/ela/vshadow2/HIUS403/77pa/Leigh pntshiloh.GIF
98.07.29 11:17 B C:\Temp\Leigh\shiloh.html --> jefferson.village /lv12/users/ela/vshadow2/HIUS403/77pa/Leigh shiloh.html
98.07.29 11:17 B C:\Temp\Leigh\shilohburns.JPG --> jefferson.village /lv12/users/ela/vshadow2/HIUS403/77pa/Leigh shilohburns.JPG
98.07.29 11:17 B C:\Temp\Leigh\shilohburns2.JPG --> jefferson.village /lv12/users/ela/vshadow2/HIUS403/77pa/Leigh shilohburns2.JPG
98.07.29 11:17 B C:\Temp\Leigh\shilohburns3.JPG --> jefferson.village /lv12/users/ela/vshadow2/HIUS403/77pa/Leigh shilohburns3.JPG
98.07.29 11:17 B C:\Temp\Leigh\shilohmap.gif --> jefferson.village /lv12/users/ela/vshadow2/HIUS403/77pa/Leigh shilohmap.gif
98.07.29 11:17 B C:\Temp\Leigh\shilsketch.gif --> jefferson.village /lv12/users/ela/vshadow2/HIUS403/77pa/Leigh shilsketch.gif
98.07.29 11:17 B C:\Temp\Leigh\tent.JPG --> jefferson.village /lv12/users/ela/vshadow2/HIUS403/77pa/Leigh tent.JPG
98.07.29 11:17 B C:\Temp\Leigh\thumb1.GIF --> jefferson.village /lv12/users/ela/vshadow2/HIUS403/77pa/Leigh thumb1.GIF
98.07.29 11:17 B C:\Temp\Leigh\thumb2.GIF --> jefferson.village /lv12/users/ela/vshadow2/HIUS403/77pa/Leigh thumb2.GIF
98.07.29 11:17 B C:\Temp\Leigh\unionstrategy.JPG --> jefferson.village /lv12/users/ela/vshadow2/HIUS403/77pa/Leigh unionstrategy.JPG
98.07.29 11:17 B C:\Temp\Leigh\unionstrategy2.PSD --> jefferson.village /lv12/users/ela/vshadow2/HIUS403/77pa/Leigh unionstrategy2.PSD
