98.07.29 11:08 B C:\Temp\Eric\anders.jpg <-- jch /p6/users/ela/public_html/77pa/Eric anders.jpg
98.07.29 11:08 B C:\Temp\Eric\andersonville.html <-- jch /p6/users/ela/public_html/77pa/Eric andersonville.html
98.07.29 11:08 B C:\Temp\Eric\andersonville.jpg <-- jch /p6/users/ela/public_html/77pa/Eric andersonville.jpg
98.07.29 11:08 B C:\Temp\Eric\andersonville1.jpg <-- jch /p6/users/ela/public_html/77pa/Eric andersonville1.jpg
98.07.29 11:08 B C:\Temp\Eric\anders~1.txt <-- jch /p6/users/ela/public_html/77pa/Eric anders~1.txt
98.07.29 11:08 B C:\Temp\Eric\biblio.htm <-- jch /p6/users/ela/public_html/77pa/Eric biblio.htm
98.07.29 11:08 B C:\Temp\Eric\biblio.html <-- jch /p6/users/ela/public_html/77pa/Eric biblio.html
98.07.29 11:08 B C:\Temp\Eric\biblio1.html <-- jch /p6/users/ela/public_html/77pa/Eric biblio1.html
98.07.29 11:08 B C:\Temp\Eric\biblio2.html <-- jch /p6/users/ela/public_html/77pa/Eric biblio2.html
98.07.29 11:08 B C:\Temp\Eric\biblio3.html <-- jch /p6/users/ela/public_html/77pa/Eric biblio3.html
98.07.29 11:08 B C:\Temp\Eric\black1.jpg <-- jch /p6/users/ela/public_html/77pa/Eric black1.jpg
98.07.29 11:08 B C:\Temp\Eric\black2.jpg <-- jch /p6/users/ela/public_html/77pa/Eric black2.jpg
98.07.29 11:08 B C:\Temp\Eric\captive.jpg <-- jch /p6/users/ela/public_html/77pa/Eric captive.jpg
98.07.29 11:08 B C:\Temp\Eric\cards.gif <-- jch /p6/users/ela/public_html/77pa/Eric cards.gif
98.07.29 11:08 B C:\Temp\Eric\confed1.jpg <-- jch /p6/users/ela/public_html/77pa/Eric confed1.jpg
98.07.29 11:08 B C:\Temp\Eric\d1.jpg <-- jch /p6/users/ela/public_html/77pa/Eric d1.jpg
98.07.29 11:08 B C:\Temp\Eric\d2.jpg <-- jch /p6/users/ela/public_html/77pa/Eric d2.jpg
98.07.29 11:08 B C:\Temp\Eric\danpris.txt <-- jch /p6/users/ela/public_html/77pa/Eric danpris.txt
98.07.29 11:08 B C:\Temp\Eric\danville.html <-- jch /p6/users/ela/public_html/77pa/Eric danville.html
98.07.29 11:08 B C:\Temp\Eric\danville.txt <-- jch /p6/users/ela/public_html/77pa/Eric danville.txt
98.07.29 11:08 B C:\Temp\Eric\danvillepris.html <-- jch /p6/users/ela/public_html/77pa/Eric danvillepris.html
98.07.29 11:08 B C:\Temp\Eric\danvilleprisons.html <-- jch /p6/users/ela/public_html/77pa/Eric danvilleprisons.html
98.07.29 11:08 B C:\Temp\Eric\delivery.jpg <-- jch /p6/users/ela/public_html/77pa/Eric delivery.jpg
98.07.29 11:08 B C:\Temp\Eric\dprishead.jpg <-- jch /p6/users/ela/public_html/77pa/Eric dprishead.jpg
98.07.29 11:08 B C:\Temp\Eric\escape.html <-- jch /p6/users/ela/public_html/77pa/Eric escape.html
98.07.29 11:08 B C:\Temp\Eric\escape.jpg <-- jch /p6/users/ela/public_html/77pa/Eric escape.jpg
98.07.29 11:08 B C:\Temp\Eric\escape.txt <-- jch /p6/users/ela/public_html/77pa/Eric escape.txt
98.07.29 11:09 B C:\Temp\Eric\escape1.jpg <-- jch /p6/users/ela/public_html/77pa/Eric escape1.jpg
98.07.29 11:09 B C:\Temp\Eric\fn1 <-- jch /p6/users/ela/public_html/77pa/Eric fn1
98.07.29 11:09 B C:\Temp\Eric\fn1.html <-- jch /p6/users/ela/public_html/77pa/Eric fn1.html
98.07.29 11:09 B C:\Temp\Eric\fr022464.htm <-- jch /p6/users/ela/public_html/77pa/Eric fr022464.htm
98.07.29 11:09 B C:\Temp\Eric\fr022464.htm.save <-- jch /p6/users/ela/public_html/77pa/Eric fr022464.htm.save
98.07.29 11:09 B C:\Temp\Eric\friendly.html <-- jch /p6/users/ela/public_html/77pa/Eric friendly.html
98.07.29 11:09 B C:\Temp\Eric\Ftltlt.ttf <-- jch /p6/users/ela/public_html/77pa/Eric Ftltlt.ttf
98.07.29 11:09 B C:\Temp\Eric\Gara.ttf <-- jch /p6/users/ela/public_html/77pa/Eric Gara.ttf
98.07.29 11:09 B C:\Temp\Eric\l1.jpg <-- jch /p6/users/ela/public_html/77pa/Eric l1.jpg
98.07.29 11:09 B C:\Temp\Eric\l2.jpg <-- jch /p6/users/ela/public_html/77pa/Eric l2.jpg
98.07.29 11:09 B C:\Temp\Eric\l3.jpg <-- jch /p6/users/ela/public_html/77pa/Eric l3.jpg
98.07.29 11:09 B C:\Temp\Eric\l4.jpg <-- jch /p6/users/ela/public_html/77pa/Eric l4.jpg
98.07.29 11:09 B C:\Temp\Eric\l5.jpg <-- jch /p6/users/ela/public_html/77pa/Eric l5.jpg
98.07.29 11:09 B C:\Temp\Eric\l6.jpg <-- jch /p6/users/ela/public_html/77pa/Eric l6.jpg
98.07.29 11:09 B C:\Temp\Eric\l7.jpg <-- jch /p6/users/ela/public_html/77pa/Eric l7.jpg
98.07.29 11:09 B C:\Temp\Eric\letter2.htm <-- jch /p6/users/ela/public_html/77pa/Eric letter2.htm
98.07.29 11:09 B C:\Temp\Eric\libbpris.html <-- jch /p6/users/ela/public_html/77pa/Eric libbpris.html
98.07.29 11:09 B C:\Temp\Eric\libbpris.html.save <-- jch /p6/users/ela/public_html/77pa/Eric libbpris.html.save
98.07.29 11:09 B C:\Temp\Eric\libbpris.jpg <-- jch /p6/users/ela/public_html/77pa/Eric libbpris.jpg
98.07.29 11:09 B C:\Temp\Eric\libbpris1.jpg <-- jch /p6/users/ela/public_html/77pa/Eric libbpris1.jpg
98.07.29 11:09 B C:\Temp\Eric\libbpris2.jpg <-- jch /p6/users/ela/public_html/77pa/Eric libbpris2.jpg
98.07.29 11:09 B C:\Temp\Eric\libby.html <-- jch /p6/users/ela/public_html/77pa/Eric libby.html
98.07.29 11:09 B C:\Temp\Eric\libby.txt <-- jch /p6/users/ela/public_html/77pa/Eric libby.txt
98.07.29 11:09 B C:\Temp\Eric\libby1.jpg <-- jch /p6/users/ela/public_html/77pa/Eric libby1.jpg
98.07.29 11:09 B C:\Temp\Eric\libby1a.jpg <-- jch /p6/users/ela/public_html/77pa/Eric libby1a.jpg
98.07.29 11:09 B C:\Temp\Eric\libby2.jpg <-- jch /p6/users/ela/public_html/77pa/Eric libby2.jpg
98.07.29 11:09 B C:\Temp\Eric\libby2a.jpg <-- jch /p6/users/ela/public_html/77pa/Eric libby2a.jpg
98.07.29 11:09 B C:\Temp\Eric\libby3.jpg <-- jch /p6/users/ela/public_html/77pa/Eric libby3.jpg
98.07.29 11:09 B C:\Temp\Eric\libby3a.jpg <-- jch /p6/users/ela/public_html/77pa/Eric libby3a.jpg
98.07.29 11:09 B C:\Temp\Eric\libby4.jpg <-- jch /p6/users/ela/public_html/77pa/Eric libby4.jpg
98.07.29 11:09 B C:\Temp\Eric\libby4a.jpg <-- jch /p6/users/ela/public_html/77pa/Eric libby4a.jpg
98.07.29 11:09 B C:\Temp\Eric\libby4a2.jpg <-- jch /p6/users/ela/public_html/77pa/Eric libby4a2.jpg
98.07.29 11:09 B C:\Temp\Eric\libpic.jpg <-- jch /p6/users/ela/public_html/77pa/Eric libpic.jpg
98.07.29 11:09 B C:\Temp\Eric\mansion.jpg <-- jch /p6/users/ela/public_html/77pa/Eric mansion.jpg
98.07.29 11:09 B C:\Temp\Eric\mansion1.jpg <-- jch /p6/users/ela/public_html/77pa/Eric mansion1.jpg
98.07.29 11:09 B C:\Temp\Eric\news.html <-- jch /p6/users/ela/public_html/77pa/Eric news.html
98.07.29 11:09 B C:\Temp\Eric\oconner.html <-- jch /p6/users/ela/public_html/77pa/Eric oconner.html
98.07.29 11:09 B C:\Temp\Eric\oconner.jpg <-- jch /p6/users/ela/public_html/77pa/Eric oconner.jpg
98.07.29 11:09 B C:\Temp\Eric\oconner.txt <-- jch /p6/users/ela/public_html/77pa/Eric oconner.txt
98.07.29 11:09 B C:\Temp\Eric\oconner1.jpg <-- jch /p6/users/ela/public_html/77pa/Eric oconner1.jpg
98.07.29 11:09 B C:\Temp\Eric\pris5.jpg <-- jch /p6/users/ela/public_html/77pa/Eric pris5.jpg
98.07.29 11:09 B C:\Temp\Eric\pris5a.jpg <-- jch /p6/users/ela/public_html/77pa/Eric pris5a.jpg
98.07.29 11:09 B C:\Temp\Eric\prisfive.jpg <-- jch /p6/users/ela/public_html/77pa/Eric prisfive.jpg
98.07.29 11:09 B C:\Temp\Eric\prisfive1.jpg <-- jch /p6/users/ela/public_html/77pa/Eric prisfive1.jpg
98.07.29 11:09 B C:\Temp\Eric\prisfive2.jpg <-- jch /p6/users/ela/public_html/77pa/Eric prisfive2.jpg
98.07.29 11:09 B C:\Temp\Eric\prison.html <-- jch /p6/users/ela/public_html/77pa/Eric prison.html
98.07.29 11:09 B C:\Temp\Eric\prison5.html <-- jch /p6/users/ela/public_html/77pa/Eric prison5.html
98.07.29 11:09 B C:\Temp\Eric\prison52b.jpg <-- jch /p6/users/ela/public_html/77pa/Eric prison52b.jpg
98.07.29 11:09 B C:\Temp\Eric\prison52b1.jpg <-- jch /p6/users/ela/public_html/77pa/Eric prison52b1.jpg
98.07.29 11:09 B C:\Temp\Eric\prison53a.jpg <-- jch /p6/users/ela/public_html/77pa/Eric prison53a.jpg
98.07.29 11:09 B C:\Temp\Eric\prison53a1.jpg <-- jch /p6/users/ela/public_html/77pa/Eric prison53a1.jpg
98.07.29 11:09 B C:\Temp\Eric\prison5a.jpg <-- jch /p6/users/ela/public_html/77pa/Eric prison5a.jpg
98.07.29 11:09 B C:\Temp\Eric\prison5b.jpg <-- jch /p6/users/ela/public_html/77pa/Eric prison5b.jpg
98.07.29 11:09 B C:\Temp\Eric\prison5d.jpg <-- jch /p6/users/ela/public_html/77pa/Eric prison5d.jpg
98.07.29 11:09 B C:\Temp\Eric\prison5d1a.jpg <-- jch /p6/users/ela/public_html/77pa/Eric prison5d1a.jpg
98.07.29 11:09 B C:\Temp\Eric\prison5d1b.jpg <-- jch /p6/users/ela/public_html/77pa/Eric prison5d1b.jpg
98.07.29 11:09 B C:\Temp\Eric\prison5d2.jpg <-- jch /p6/users/ela/public_html/77pa/Eric prison5d2.jpg
98.07.29 11:09 B C:\Temp\Eric\prison6a.jpg <-- jch /p6/users/ela/public_html/77pa/Eric prison6a.jpg
98.07.29 11:09 B C:\Temp\Eric\prison6b.jpg <-- jch /p6/users/ela/public_html/77pa/Eric prison6b.jpg
98.07.29 11:09 B C:\Temp\Eric\prison6c.jpg <-- jch /p6/users/ela/public_html/77pa/Eric prison6c.jpg
98.07.29 11:09 B C:\Temp\Eric\prison6d.jpg <-- jch /p6/users/ela/public_html/77pa/Eric prison6d.jpg
98.07.29 11:09 B C:\Temp\Eric\prs5.txt <-- jch /p6/users/ela/public_html/77pa/Eric prs5.txt
98.07.29 11:09 B C:\Temp\Eric\prsion54c.html <-- jch /p6/users/ela/public_html/77pa/Eric prsion54c.html
98.07.29 11:09 B C:\Temp\Eric\prsion54c.jpg <-- jch /p6/users/ela/public_html/77pa/Eric prsion54c.jpg
98.07.29 11:09 B C:\Temp\Eric\prsion54c1.jpg <-- jch /p6/users/ela/public_html/77pa/Eric prsion54c1.jpg
98.07.29 11:09 B C:\Temp\Eric\prsion5c.jpg <-- jch /p6/users/ela/public_html/77pa/Eric prsion5c.jpg
98.07.29 11:09 B C:\Temp\Eric\redstar.gif <-- jch /p6/users/ela/public_html/77pa/Eric redstar.gif
98.07.29 11:09 B C:\Temp\Eric\rose.jpg <-- jch /p6/users/ela/public_html/77pa/Eric rose.jpg
98.07.29 11:09 B C:\Temp\Eric\rosea.jpg <-- jch /p6/users/ela/public_html/77pa/Eric rosea.jpg
98.07.29 11:09 B C:\Temp\Eric\roseb.jpg <-- jch /p6/users/ela/public_html/77pa/Eric roseb.jpg
98.07.29 11:09 B C:\Temp\Eric\roseb1.jpg <-- jch /p6/users/ela/public_html/77pa/Eric roseb1.jpg
98.07.29 11:09 B C:\Temp\Eric\society.html <-- jch /p6/users/ela/public_html/77pa/Eric society.html
98.07.29 11:09 B C:\Temp\Eric\society.txt <-- jch /p6/users/ela/public_html/77pa/Eric society.txt
98.07.29 11:09 B C:\Temp\Eric\tge.jpg <-- jch /p6/users/ela/public_html/77pa/Eric tge.jpg
98.07.29 11:09 B C:\Temp\Eric\tge1.jpg <-- jch /p6/users/ela/public_html/77pa/Eric tge1.jpg
98.07.29 11:09 B C:\Temp\Eric\tge2.jpg <-- jch /p6/users/ela/public_html/77pa/Eric tge2.jpg
98.07.29 11:09 B C:\Temp\Eric\union.jpg <-- jch /p6/users/ela/public_html/77pa/Eric union.jpg
98.07.29 11:09 B C:\Temp\Eric\uniona.jpg <-- jch /p6/users/ela/public_html/77pa/Eric uniona.jpg
98.07.29 11:09 B C:\Temp\Eric\usflag1.jpg <-- jch /p6/users/ela/public_html/77pa/Eric usflag1.jpg
98.07.29 11:09 B C:\Temp\Eric\vs051861b.html <-- jch /p6/users/ela/public_html/77pa/Eric vs051861b.html
98.07.29 11:09 B C:\Temp\Eric\VS051861b.jpg <-- jch /p6/users/ela/public_html/77pa/Eric VS051861b.jpg
98.07.29 11:09 B C:\Temp\Eric\wood1.html <-- jch /p6/users/ela/public_html/77pa/Eric wood1.html
98.07.29 11:09 B C:\Temp\Eric\wood1a.JPG <-- jch /p6/users/ela/public_html/77pa/Eric wood1a.JPG
98.07.29 11:09 B C:\Temp\Eric\wood2.html <-- jch /p6/users/ela/public_html/77pa/Eric wood2.html
98.07.29 11:09 B C:\Temp\Eric\wood2a.JPG <-- jch /p6/users/ela/public_html/77pa/Eric wood2a.JPG
98.07.29 11:09 B C:\Temp\Eric\wood4.JPG <-- jch /p6/users/ela/public_html/77pa/Eric wood4.JPG
98.07.29 11:09 B C:\Temp\Eric\wood5a.JPG <-- jch /p6/users/ela/public_html/77pa/Eric wood5a.JPG
98.07.29 11:09 B C:\Temp\Eric\wood5b.html <-- jch /p6/users/ela/public_html/77pa/Eric wood5b.html
98.07.29 11:09 B C:\Temp\Eric\wood5b.JPG <-- jch /p6/users/ela/public_html/77pa/Eric wood5b.JPG
98.07.29 11:10 B C:\Temp\Eric\anders.jpg --> jefferson.village /lv12/users/ela/vshadow2/HIUS403/77pa/Eric anders.jpg
98.07.29 11:10 B C:\Temp\Eric\andersonville.html --> jefferson.village /lv12/users/ela/vshadow2/HIUS403/77pa/Eric andersonville.html
98.07.29 11:10 B C:\Temp\Eric\andersonville.jpg --> jefferson.village /lv12/users/ela/vshadow2/HIUS403/77pa/Eric andersonville.jpg
98.07.29 11:10 B C:\Temp\Eric\andersonville1.jpg --> jefferson.village /lv12/users/ela/vshadow2/HIUS403/77pa/Eric andersonville1.jpg
98.07.29 11:10 B C:\Temp\Eric\anders~1.txt --> jefferson.village /lv12/users/ela/vshadow2/HIUS403/77pa/Eric anders~1.txt
98.07.29 11:10 B C:\Temp\Eric\biblio.htm --> jefferson.village /lv12/users/ela/vshadow2/HIUS403/77pa/Eric biblio.htm
98.07.29 11:10 B C:\Temp\Eric\biblio.html --> jefferson.village /lv12/users/ela/vshadow2/HIUS403/77pa/Eric biblio.html
98.07.29 11:10 B C:\Temp\Eric\biblio1.html --> jefferson.village /lv12/users/ela/vshadow2/HIUS403/77pa/Eric biblio1.html
98.07.29 11:10 B C:\Temp\Eric\biblio2.html --> jefferson.village /lv12/users/ela/vshadow2/HIUS403/77pa/Eric biblio2.html
98.07.29 11:10 B C:\Temp\Eric\biblio3.html --> jefferson.village /lv12/users/ela/vshadow2/HIUS403/77pa/Eric biblio3.html
98.07.29 11:10 B C:\Temp\Eric\black1.jpg --> jefferson.village /lv12/users/ela/vshadow2/HIUS403/77pa/Eric black1.jpg
98.07.29 11:11 B C:\Temp\Eric\black2.jpg --> jefferson.village /lv12/users/ela/vshadow2/HIUS403/77pa/Eric black2.jpg
98.07.29 11:11 B C:\Temp\Eric\captive.jpg --> jefferson.village /lv12/users/ela/vshadow2/HIUS403/77pa/Eric captive.jpg
98.07.29 11:11 B C:\Temp\Eric\cards.gif --> jefferson.village /lv12/users/ela/vshadow2/HIUS403/77pa/Eric cards.gif
98.07.29 11:11 B C:\Temp\Eric\confed1.jpg --> jefferson.village /lv12/users/ela/vshadow2/HIUS403/77pa/Eric confed1.jpg
98.07.29 11:11 B C:\Temp\Eric\d1.jpg --> jefferson.village /lv12/users/ela/vshadow2/HIUS403/77pa/Eric d1.jpg
98.07.29 11:11 B C:\Temp\Eric\d2.jpg --> jefferson.village /lv12/users/ela/vshadow2/HIUS403/77pa/Eric d2.jpg
98.07.29 11:11 B C:\Temp\Eric\danpris.txt --> jefferson.village /lv12/users/ela/vshadow2/HIUS403/77pa/Eric danpris.txt
98.07.29 11:11 B C:\Temp\Eric\danville.html --> jefferson.village /lv12/users/ela/vshadow2/HIUS403/77pa/Eric danville.html
98.07.29 11:11 B C:\Temp\Eric\danville.txt --> jefferson.village /lv12/users/ela/vshadow2/HIUS403/77pa/Eric danville.txt
98.07.29 11:11 B C:\Temp\Eric\danvillepris.html --> jefferson.village /lv12/users/ela/vshadow2/HIUS403/77pa/Eric danvillepris.html
98.07.29 11:11 B C:\Temp\Eric\danvilleprisons.html --> jefferson.village /lv12/users/ela/vshadow2/HIUS403/77pa/Eric danvilleprisons.html
98.07.29 11:11 B C:\Temp\Eric\delivery.jpg --> jefferson.village /lv12/users/ela/vshadow2/HIUS403/77pa/Eric delivery.jpg
98.07.29 11:11 B C:\Temp\Eric\dprishead.jpg --> jefferson.village /lv12/users/ela/vshadow2/HIUS403/77pa/Eric dprishead.jpg
98.07.29 11:11 B C:\Temp\Eric\escape.html --> jefferson.village /lv12/users/ela/vshadow2/HIUS403/77pa/Eric escape.html
98.07.29 11:11 B C:\Temp\Eric\escape.jpg --> jefferson.village /lv12/users/ela/vshadow2/HIUS403/77pa/Eric escape.jpg
98.07.29 11:11 B C:\Temp\Eric\escape.txt --> jefferson.village /lv12/users/ela/vshadow2/HIUS403/77pa/Eric escape.txt
98.07.29 11:11 B C:\Temp\Eric\escape1.jpg --> jefferson.village /lv12/users/ela/vshadow2/HIUS403/77pa/Eric escape1.jpg
98.07.29 11:11 B C:\Temp\Eric\fn1 --> jefferson.village /lv12/users/ela/vshadow2/HIUS403/77pa/Eric fn1
98.07.29 11:11 B C:\Temp\Eric\fn1.html --> jefferson.village /lv12/users/ela/vshadow2/HIUS403/77pa/Eric fn1.html
98.07.29 11:11 B C:\Temp\Eric\fr022464.htm --> jefferson.village /lv12/users/ela/vshadow2/HIUS403/77pa/Eric fr022464.htm
98.07.29 11:11 B C:\Temp\Eric\fr022464.htm.save --> jefferson.village /lv12/users/ela/vshadow2/HIUS403/77pa/Eric fr022464.htm.save
98.07.29 11:11 B C:\Temp\Eric\friendly.html --> jefferson.village /lv12/users/ela/vshadow2/HIUS403/77pa/Eric friendly.html
98.07.29 11:11 B C:\Temp\Eric\Ftltlt.ttf --> jefferson.village /lv12/users/ela/vshadow2/HIUS403/77pa/Eric Ftltlt.ttf
98.07.29 11:11 B C:\Temp\Eric\Gara.ttf --> jefferson.village /lv12/users/ela/vshadow2/HIUS403/77pa/Eric Gara.ttf
98.07.29 11:11 B C:\Temp\Eric\l1.jpg --> jefferson.village /lv12/users/ela/vshadow2/HIUS403/77pa/Eric l1.jpg
98.07.29 11:11 B C:\Temp\Eric\l2.jpg --> jefferson.village /lv12/users/ela/vshadow2/HIUS403/77pa/Eric l2.jpg
98.07.29 11:11 B C:\Temp\Eric\l3.jpg --> jefferson.village /lv12/users/ela/vshadow2/HIUS403/77pa/Eric l3.jpg
98.07.29 11:11 B C:\Temp\Eric\l4.jpg --> jefferson.village /lv12/users/ela/vshadow2/HIUS403/77pa/Eric l4.jpg
98.07.29 11:11 B C:\Temp\Eric\l5.jpg --> jefferson.village /lv12/users/ela/vshadow2/HIUS403/77pa/Eric l5.jpg
98.07.29 11:11 B C:\Temp\Eric\l6.jpg --> jefferson.village /lv12/users/ela/vshadow2/HIUS403/77pa/Eric l6.jpg
98.07.29 11:11 B C:\Temp\Eric\l7.jpg --> jefferson.village /lv12/users/ela/vshadow2/HIUS403/77pa/Eric l7.jpg
98.07.29 11:11 B C:\Temp\Eric\letter2.htm --> jefferson.village /lv12/users/ela/vshadow2/HIUS403/77pa/Eric letter2.htm
98.07.29 11:11 B C:\Temp\Eric\libbpris.html --> jefferson.village /lv12/users/ela/vshadow2/HIUS403/77pa/Eric libbpris.html
98.07.29 11:11 B C:\Temp\Eric\libbpris.html.save --> jefferson.village /lv12/users/ela/vshadow2/HIUS403/77pa/Eric libbpris.html.save
98.07.29 11:11 B C:\Temp\Eric\libbpris.jpg --> jefferson.village /lv12/users/ela/vshadow2/HIUS403/77pa/Eric libbpris.jpg
98.07.29 11:11 B C:\Temp\Eric\libbpris1.jpg --> jefferson.village /lv12/users/ela/vshadow2/HIUS403/77pa/Eric libbpris1.jpg
98.07.29 11:11 B C:\Temp\Eric\libbpris2.jpg --> jefferson.village /lv12/users/ela/vshadow2/HIUS403/77pa/Eric libbpris2.jpg
98.07.29 11:11 B C:\Temp\Eric\libby.html --> jefferson.village /lv12/users/ela/vshadow2/HIUS403/77pa/Eric libby.html
98.07.29 11:11 B C:\Temp\Eric\libby.txt --> jefferson.village /lv12/users/ela/vshadow2/HIUS403/77pa/Eric libby.txt
98.07.29 11:11 B C:\Temp\Eric\libby1.jpg --> jefferson.village /lv12/users/ela/vshadow2/HIUS403/77pa/Eric libby1.jpg
98.07.29 11:11 B C:\Temp\Eric\libby1a.jpg --> jefferson.village /lv12/users/ela/vshadow2/HIUS403/77pa/Eric libby1a.jpg
98.07.29 11:11 B C:\Temp\Eric\libby2.jpg --> jefferson.village /lv12/users/ela/vshadow2/HIUS403/77pa/Eric libby2.jpg
98.07.29 11:11 B C:\Temp\Eric\libby2a.jpg --> jefferson.village /lv12/users/ela/vshadow2/HIUS403/77pa/Eric libby2a.jpg
98.07.29 11:11 B C:\Temp\Eric\libby3.jpg --> jefferson.village /lv12/users/ela/vshadow2/HIUS403/77pa/Eric libby3.jpg
98.07.29 11:11 B C:\Temp\Eric\libby3a.jpg --> jefferson.village /lv12/users/ela/vshadow2/HIUS403/77pa/Eric libby3a.jpg
98.07.29 11:11 B C:\Temp\Eric\libby4.jpg --> jefferson.village /lv12/users/ela/vshadow2/HIUS403/77pa/Eric libby4.jpg
98.07.29 11:11 B C:\Temp\Eric\libby4a.jpg --> jefferson.village /lv12/users/ela/vshadow2/HIUS403/77pa/Eric libby4a.jpg
98.07.29 11:11 B C:\Temp\Eric\libby4a2.jpg --> jefferson.village /lv12/users/ela/vshadow2/HIUS403/77pa/Eric libby4a2.jpg
98.07.29 11:11 B C:\Temp\Eric\libpic.jpg --> jefferson.village /lv12/users/ela/vshadow2/HIUS403/77pa/Eric libpic.jpg
98.07.29 11:11 B C:\Temp\Eric\mansion.jpg --> jefferson.village /lv12/users/ela/vshadow2/HIUS403/77pa/Eric mansion.jpg
98.07.29 11:11 B C:\Temp\Eric\mansion1.jpg --> jefferson.village /lv12/users/ela/vshadow2/HIUS403/77pa/Eric mansion1.jpg
98.07.29 11:11 B C:\Temp\Eric\news.html --> jefferson.village /lv12/users/ela/vshadow2/HIUS403/77pa/Eric news.html
98.07.29 11:11 B C:\Temp\Eric\oconner.html --> jefferson.village /lv12/users/ela/vshadow2/HIUS403/77pa/Eric oconner.html
98.07.29 11:11 B C:\Temp\Eric\oconner.jpg --> jefferson.village /lv12/users/ela/vshadow2/HIUS403/77pa/Eric oconner.jpg
98.07.29 11:11 B C:\Temp\Eric\oconner.txt --> jefferson.village /lv12/users/ela/vshadow2/HIUS403/77pa/Eric oconner.txt
98.07.29 11:11 B C:\Temp\Eric\oconner1.jpg --> jefferson.village /lv12/users/ela/vshadow2/HIUS403/77pa/Eric oconner1.jpg
98.07.29 11:11 B C:\Temp\Eric\pris5.jpg --> jefferson.village /lv12/users/ela/vshadow2/HIUS403/77pa/Eric pris5.jpg
98.07.29 11:11 B C:\Temp\Eric\pris5a.jpg --> jefferson.village /lv12/users/ela/vshadow2/HIUS403/77pa/Eric pris5a.jpg
98.07.29 11:11 B C:\Temp\Eric\prisfive.jpg --> jefferson.village /lv12/users/ela/vshadow2/HIUS403/77pa/Eric prisfive.jpg
98.07.29 11:11 B C:\Temp\Eric\prisfive1.jpg --> jefferson.village /lv12/users/ela/vshadow2/HIUS403/77pa/Eric prisfive1.jpg
98.07.29 11:11 B C:\Temp\Eric\prisfive2.jpg --> jefferson.village /lv12/users/ela/vshadow2/HIUS403/77pa/Eric prisfive2.jpg
98.07.29 11:11 B C:\Temp\Eric\prison.html --> jefferson.village /lv12/users/ela/vshadow2/HIUS403/77pa/Eric prison.html
98.07.29 11:11 B C:\Temp\Eric\prison5.html --> jefferson.village /lv12/users/ela/vshadow2/HIUS403/77pa/Eric prison5.html
98.07.29 11:11 B C:\Temp\Eric\prison52b.jpg --> jefferson.village /lv12/users/ela/vshadow2/HIUS403/77pa/Eric prison52b.jpg
98.07.29 11:11 B C:\Temp\Eric\prison52b1.jpg --> jefferson.village /lv12/users/ela/vshadow2/HIUS403/77pa/Eric prison52b1.jpg
98.07.29 11:11 B C:\Temp\Eric\prison53a.jpg --> jefferson.village /lv12/users/ela/vshadow2/HIUS403/77pa/Eric prison53a.jpg
98.07.29 11:11 B C:\Temp\Eric\prison53a1.jpg --> jefferson.village /lv12/users/ela/vshadow2/HIUS403/77pa/Eric prison53a1.jpg
98.07.29 11:11 B C:\Temp\Eric\prison5a.jpg --> jefferson.village /lv12/users/ela/vshadow2/HIUS403/77pa/Eric prison5a.jpg
98.07.29 11:11 B C:\Temp\Eric\prison5b.jpg --> jefferson.village /lv12/users/ela/vshadow2/HIUS403/77pa/Eric prison5b.jpg
98.07.29 11:11 B C:\Temp\Eric\prison5d.jpg --> jefferson.village /lv12/users/ela/vshadow2/HIUS403/77pa/Eric prison5d.jpg
98.07.29 11:11 B C:\Temp\Eric\prison5d1a.jpg --> jefferson.village /lv12/users/ela/vshadow2/HIUS403/77pa/Eric prison5d1a.jpg
98.07.29 11:11 B C:\Temp\Eric\prison5d1b.jpg --> jefferson.village /lv12/users/ela/vshadow2/HIUS403/77pa/Eric prison5d1b.jpg
98.07.29 11:11 B C:\Temp\Eric\prison5d2.jpg --> jefferson.village /lv12/users/ela/vshadow2/HIUS403/77pa/Eric prison5d2.jpg
98.07.29 11:11 B C:\Temp\Eric\prison6a.jpg --> jefferson.village /lv12/users/ela/vshadow2/HIUS403/77pa/Eric prison6a.jpg
98.07.29 11:11 B C:\Temp\Eric\prison6b.jpg --> jefferson.village /lv12/users/ela/vshadow2/HIUS403/77pa/Eric prison6b.jpg
98.07.29 11:11 B C:\Temp\Eric\prison6c.jpg --> jefferson.village /lv12/users/ela/vshadow2/HIUS403/77pa/Eric prison6c.jpg
98.07.29 11:11 B C:\Temp\Eric\prison6d.jpg --> jefferson.village /lv12/users/ela/vshadow2/HIUS403/77pa/Eric prison6d.jpg
98.07.29 11:11 B C:\Temp\Eric\prs5.txt --> jefferson.village /lv12/users/ela/vshadow2/HIUS403/77pa/Eric prs5.txt
98.07.29 11:11 B C:\Temp\Eric\prsion54c.html --> jefferson.village /lv12/users/ela/vshadow2/HIUS403/77pa/Eric prsion54c.html
98.07.29 11:12 B C:\Temp\Eric\prsion54c.jpg --> jefferson.village /lv12/users/ela/vshadow2/HIUS403/77pa/Eric prsion54c.jpg
98.07.29 11:12 B C:\Temp\Eric\prsion54c1.jpg --> jefferson.village /lv12/users/ela/vshadow2/HIUS403/77pa/Eric prsion54c1.jpg
98.07.29 11:12 B C:\Temp\Eric\prsion5c.jpg --> jefferson.village /lv12/users/ela/vshadow2/HIUS403/77pa/Eric prsion5c.jpg
98.07.29 11:12 B C:\Temp\Eric\redstar.gif --> jefferson.village /lv12/users/ela/vshadow2/HIUS403/77pa/Eric redstar.gif
98.07.29 11:12 B C:\Temp\Eric\rose.jpg --> jefferson.village /lv12/users/ela/vshadow2/HIUS403/77pa/Eric rose.jpg
98.07.29 11:12 B C:\Temp\Eric\rosea.jpg --> jefferson.village /lv12/users/ela/vshadow2/HIUS403/77pa/Eric rosea.jpg
98.07.29 11:12 B C:\Temp\Eric\roseb.jpg --> jefferson.village /lv12/users/ela/vshadow2/HIUS403/77pa/Eric roseb.jpg
98.07.29 11:12 B C:\Temp\Eric\roseb1.jpg --> jefferson.village /lv12/users/ela/vshadow2/HIUS403/77pa/Eric roseb1.jpg
98.07.29 11:12 B C:\Temp\Eric\society.html --> jefferson.village /lv12/users/ela/vshadow2/HIUS403/77pa/Eric society.html
98.07.29 11:12 B C:\Temp\Eric\society.txt --> jefferson.village /lv12/users/ela/vshadow2/HIUS403/77pa/Eric society.txt
98.07.29 11:12 B C:\Temp\Eric\tge.jpg --> jefferson.village /lv12/users/ela/vshadow2/HIUS403/77pa/Eric tge.jpg
98.07.29 11:12 B C:\Temp\Eric\tge1.jpg --> jefferson.village /lv12/users/ela/vshadow2/HIUS403/77pa/Eric tge1.jpg
98.07.29 11:12 B C:\Temp\Eric\tge2.jpg --> jefferson.village /lv12/users/ela/vshadow2/HIUS403/77pa/Eric tge2.jpg
98.07.29 11:12 B C:\Temp\Eric\union.jpg --> jefferson.village /lv12/users/ela/vshadow2/HIUS403/77pa/Eric union.jpg
98.07.29 11:12 B C:\Temp\Eric\uniona.jpg --> jefferson.village /lv12/users/ela/vshadow2/HIUS403/77pa/Eric uniona.jpg
98.07.29 11:12 B C:\Temp\Eric\usflag1.jpg --> jefferson.village /lv12/users/ela/vshadow2/HIUS403/77pa/Eric usflag1.jpg
98.07.29 11:12 B C:\Temp\Eric\vs051861b.html --> jefferson.village /lv12/users/ela/vshadow2/HIUS403/77pa/Eric vs051861b.html
98.07.29 11:12 B C:\Temp\Eric\VS051861b.jpg --> jefferson.village /lv12/users/ela/vshadow2/HIUS403/77pa/Eric VS051861b.jpg
98.07.29 11:12 B C:\Temp\Eric\wood1.html --> jefferson.village /lv12/users/ela/vshadow2/HIUS403/77pa/Eric wood1.html
98.07.29 11:12 B C:\Temp\Eric\wood1a.JPG --> jefferson.village /lv12/users/ela/vshadow2/HIUS403/77pa/Eric wood1a.JPG
98.07.29 11:12 B C:\Temp\Eric\wood2.html --> jefferson.village /lv12/users/ela/vshadow2/HIUS403/77pa/Eric wood2.html
98.07.29 11:12 B C:\Temp\Eric\wood2a.JPG --> jefferson.village /lv12/users/ela/vshadow2/HIUS403/77pa/Eric wood2a.JPG
98.07.29 11:12 B C:\Temp\Eric\wood4.JPG --> jefferson.village /lv12/users/ela/vshadow2/HIUS403/77pa/Eric wood4.JPG
98.07.29 11:12 B C:\Temp\Eric\wood5a.JPG --> jefferson.village /lv12/users/ela/vshadow2/HIUS403/77pa/Eric wood5a.JPG
98.07.29 11:12 B C:\Temp\Eric\wood5b.html --> jefferson.village /lv12/users/ela/vshadow2/HIUS403/77pa/Eric wood5b.html
98.07.29 11:12 B C:\Temp\Eric\wood5b.JPG --> jefferson.village /lv12/users/ela/vshadow2/HIUS403/77pa/Eric wood5b.JPG
