98.07.29 11:01 B C:\Temp\Chad\news\complain.html <-- jch /p6/users/ela/public_html/77pa/Chad/news complain.html
98.07.29 11:01 B C:\Temp\Chad\news\FR070863.html <-- jch /p6/users/ela/public_html/77pa/Chad/news FR070863.html
98.07.29 11:01 B C:\Temp\Chad\news\FR072863.html <-- jch /p6/users/ela/public_html/77pa/Chad/news FR072863.html
98.07.29 11:01 B C:\Temp\Chad\news\FR080863.html <-- jch /p6/users/ela/public_html/77pa/Chad/news FR080863.html
98.07.29 11:01 B C:\Temp\Chad\news\FR111863.html <-- jch /p6/users/ela/public_html/77pa/Chad/news FR111863.html
98.07.29 11:01 B C:\Temp\Chad\news\paphead.GIF <-- jch /p6/users/ela/public_html/77pa/Chad/news paphead.GIF
98.07.29 11:01 B C:\Temp\Chad\news\paphead.jpg <-- jch /p6/users/ela/public_html/77pa/Chad/news paphead.jpg
98.07.29 11:01 B C:\Temp\Chad\news\pitts1.html <-- jch /p6/users/ela/public_html/77pa/Chad/news pitts1.html
98.07.29 11:01 B C:\Temp\Chad\news\rebut.html <-- jch /p6/users/ela/public_html/77pa/Chad/news rebut.html
98.07.29 11:01 B C:\Temp\Chad\news\rebut.htmlu <-- jch /p6/users/ela/public_html/77pa/Chad/news rebut.htmlu
98.07.29 11:01 B C:\Temp\Chad\news\stumnews.html <-- jch /p6/users/ela/public_html/77pa/Chad/news stumnews.html
98.07.29 11:01 B C:\Temp\Chad\news\vote.html <-- jch /p6/users/ela/public_html/77pa/Chad/news vote.html
98.07.29 11:01 B C:\Temp\Chad\news\VS011562.html <-- jch /p6/users/ela/public_html/77pa/Chad/news VS011562.html
98.07.29 11:01 B C:\Temp\Chad\news\VS012163.jpg <-- jch /p6/users/ela/public_html/77pa/Chad/news VS012163.jpg
98.07.29 11:01 B C:\Temp\Chad\news\VS012262a.JPG <-- jch /p6/users/ela/public_html/77pa/Chad/news VS012262a.JPG
98.07.29 11:01 B C:\Temp\Chad\news\VS012262c.JPG <-- jch /p6/users/ela/public_html/77pa/Chad/news VS012262c.JPG
98.07.29 11:01 B C:\Temp\Chad\news\VS012262d.JPG <-- jch /p6/users/ela/public_html/77pa/Chad/news VS012262d.JPG
98.07.29 11:01 B C:\Temp\Chad\news\VS012262e.JPG <-- jch /p6/users/ela/public_html/77pa/Chad/news VS012262e.JPG
98.07.29 11:01 B C:\Temp\Chad\news\VS012863.jpg <-- jch /p6/users/ela/public_html/77pa/Chad/news VS012863.jpg
98.07.29 11:01 B C:\Temp\Chad\news\vs012962.html <-- jch /p6/users/ela/public_html/77pa/Chad/news vs012962.html
98.07.29 11:01 B C:\Temp\Chad\news\VS020562.html <-- jch /p6/users/ela/public_html/77pa/Chad/news VS020562.html
98.07.29 11:01 B C:\Temp\Chad\news\VS022464.html <-- jch /p6/users/ela/public_html/77pa/Chad/news VS022464.html
98.07.29 11:01 B C:\Temp\Chad\news\vs041662.html <-- jch /p6/users/ela/public_html/77pa/Chad/news vs041662.html
98.07.29 11:01 B C:\Temp\Chad\news\vs042362.html <-- jch /p6/users/ela/public_html/77pa/Chad/news vs042362.html
98.07.29 11:01 B C:\Temp\Chad\news\vs051462.html <-- jch /p6/users/ela/public_html/77pa/Chad/news vs051462.html
98.07.29 11:01 B C:\Temp\Chad\news\VS051561.html <-- jch /p6/users/ela/public_html/77pa/Chad/news VS051561.html
98.07.29 11:01 B C:\Temp\Chad\news\VS051861.jpg <-- jch /p6/users/ela/public_html/77pa/Chad/news VS051861.jpg
98.07.29 11:01 B C:\Temp\Chad\news\VS051861b.jpg <-- jch /p6/users/ela/public_html/77pa/Chad/news VS051861b.jpg
98.07.29 11:01 B C:\Temp\Chad\news\VS052862.jpg <-- jch /p6/users/ela/public_html/77pa/Chad/news VS052862.jpg
98.07.29 11:01 B C:\Temp\Chad\news\VS060161a.jpg <-- jch /p6/users/ela/public_html/77pa/Chad/news VS060161a.jpg
98.07.29 11:01 B C:\Temp\Chad\news\VS060861.jpg <-- jch /p6/users/ela/public_html/77pa/Chad/news VS060861.jpg
98.07.29 11:01 B C:\Temp\Chad\news\VS060861b.jpg <-- jch /p6/users/ela/public_html/77pa/Chad/news VS060861b.jpg
98.07.29 11:01 B C:\Temp\Chad\news\VS061261.html <-- jch /p6/users/ela/public_html/77pa/Chad/news VS061261.html
98.07.29 11:01 B C:\Temp\Chad\news\VS061261.jpg <-- jch /p6/users/ela/public_html/77pa/Chad/news VS061261.jpg
98.07.29 11:01 B C:\Temp\Chad\news\VS073161.jpg <-- jch /p6/users/ela/public_html/77pa/Chad/news VS073161.jpg
98.07.29 11:01 B C:\Temp\Chad\news\VS121064.html <-- jch /p6/users/ela/public_html/77pa/Chad/news VS121064.html
98.07.29 11:01 B C:\Temp\Chad\news\women.html <-- jch /p6/users/ela/public_html/77pa/Chad/news women.html
98.07.29 11:02 B C:\Temp\Chad\news\complain.html --> jefferson.village /lv12/users/ela/vshadow2/HIUS403/77pa/Chad/news complain.html
98.07.29 11:02 B C:\Temp\Chad\news\FR070863.html --> jefferson.village /lv12/users/ela/vshadow2/HIUS403/77pa/Chad/news FR070863.html
98.07.29 11:02 B C:\Temp\Chad\news\FR072863.html --> jefferson.village /lv12/users/ela/vshadow2/HIUS403/77pa/Chad/news FR072863.html
98.07.29 11:02 B C:\Temp\Chad\news\FR080863.html --> jefferson.village /lv12/users/ela/vshadow2/HIUS403/77pa/Chad/news FR080863.html
98.07.29 11:02 B C:\Temp\Chad\news\FR111863.html --> jefferson.village /lv12/users/ela/vshadow2/HIUS403/77pa/Chad/news FR111863.html
98.07.29 11:02 B C:\Temp\Chad\news\paphead.GIF --> jefferson.village /lv12/users/ela/vshadow2/HIUS403/77pa/Chad/news paphead.GIF
98.07.29 11:02 B C:\Temp\Chad\news\paphead.jpg --> jefferson.village /lv12/users/ela/vshadow2/HIUS403/77pa/Chad/news paphead.jpg
98.07.29 11:02 B C:\Temp\Chad\news\pitts1.html --> jefferson.village /lv12/users/ela/vshadow2/HIUS403/77pa/Chad/news pitts1.html
98.07.29 11:02 B C:\Temp\Chad\news\rebut.html --> jefferson.village /lv12/users/ela/vshadow2/HIUS403/77pa/Chad/news rebut.html
98.07.29 11:02 B C:\Temp\Chad\news\rebut.htmlu --> jefferson.village /lv12/users/ela/vshadow2/HIUS403/77pa/Chad/news rebut.htmlu
98.07.29 11:02 B C:\Temp\Chad\news\stumnews.html --> jefferson.village /lv12/users/ela/vshadow2/HIUS403/77pa/Chad/news stumnews.html
98.07.29 11:02 B C:\Temp\Chad\news\vote.html --> jefferson.village /lv12/users/ela/vshadow2/HIUS403/77pa/Chad/news vote.html
98.07.29 11:02 B C:\Temp\Chad\news\VS011562.html --> jefferson.village /lv12/users/ela/vshadow2/HIUS403/77pa/Chad/news VS011562.html
98.07.29 11:02 B C:\Temp\Chad\news\VS012163.jpg --> jefferson.village /lv12/users/ela/vshadow2/HIUS403/77pa/Chad/news VS012163.jpg
98.07.29 11:02 B C:\Temp\Chad\news\VS012262a.JPG --> jefferson.village /lv12/users/ela/vshadow2/HIUS403/77pa/Chad/news VS012262a.JPG
98.07.29 11:02 B C:\Temp\Chad\news\VS012262c.JPG --> jefferson.village /lv12/users/ela/vshadow2/HIUS403/77pa/Chad/news VS012262c.JPG
98.07.29 11:02 B C:\Temp\Chad\news\VS012262d.JPG --> jefferson.village /lv12/users/ela/vshadow2/HIUS403/77pa/Chad/news VS012262d.JPG
98.07.29 11:02 B C:\Temp\Chad\news\VS012262e.JPG --> jefferson.village /lv12/users/ela/vshadow2/HIUS403/77pa/Chad/news VS012262e.JPG
98.07.29 11:02 B C:\Temp\Chad\news\VS012863.jpg --> jefferson.village /lv12/users/ela/vshadow2/HIUS403/77pa/Chad/news VS012863.jpg
98.07.29 11:02 B C:\Temp\Chad\news\vs012962.html --> jefferson.village /lv12/users/ela/vshadow2/HIUS403/77pa/Chad/news vs012962.html
98.07.29 11:02 B C:\Temp\Chad\news\VS020562.html --> jefferson.village /lv12/users/ela/vshadow2/HIUS403/77pa/Chad/news VS020562.html
98.07.29 11:02 B C:\Temp\Chad\news\VS022464.html --> jefferson.village /lv12/users/ela/vshadow2/HIUS403/77pa/Chad/news VS022464.html
98.07.29 11:02 B C:\Temp\Chad\news\vs041662.html --> jefferson.village /lv12/users/ela/vshadow2/HIUS403/77pa/Chad/news vs041662.html
98.07.29 11:02 B C:\Temp\Chad\news\vs042362.html --> jefferson.village /lv12/users/ela/vshadow2/HIUS403/77pa/Chad/news vs042362.html
98.07.29 11:02 B C:\Temp\Chad\news\vs051462.html --> jefferson.village /lv12/users/ela/vshadow2/HIUS403/77pa/Chad/news vs051462.html
98.07.29 11:02 B C:\Temp\Chad\news\VS051561.html --> jefferson.village /lv12/users/ela/vshadow2/HIUS403/77pa/Chad/news VS051561.html
98.07.29 11:02 B C:\Temp\Chad\news\VS051861.jpg --> jefferson.village /lv12/users/ela/vshadow2/HIUS403/77pa/Chad/news VS051861.jpg
98.07.29 11:02 B C:\Temp\Chad\news\VS051861b.jpg --> jefferson.village /lv12/users/ela/vshadow2/HIUS403/77pa/Chad/news VS051861b.jpg
98.07.29 11:02 B C:\Temp\Chad\news\VS052862.jpg --> jefferson.village /lv12/users/ela/vshadow2/HIUS403/77pa/Chad/news VS052862.jpg
98.07.29 11:02 B C:\Temp\Chad\news\VS060161a.jpg --> jefferson.village /lv12/users/ela/vshadow2/HIUS403/77pa/Chad/news VS060161a.jpg
98.07.29 11:03 B C:\Temp\Chad\news\VS060861.jpg --> jefferson.village /lv12/users/ela/vshadow2/HIUS403/77pa/Chad/news VS060861.jpg
98.07.29 11:03 B C:\Temp\Chad\news\VS060861b.jpg --> jefferson.village /lv12/users/ela/vshadow2/HIUS403/77pa/Chad/news VS060861b.jpg
98.07.29 11:03 B C:\Temp\Chad\news\VS061261.html --> jefferson.village /lv12/users/ela/vshadow2/HIUS403/77pa/Chad/news VS061261.html
98.07.29 11:03 B C:\Temp\Chad\news\VS061261.jpg --> jefferson.village /lv12/users/ela/vshadow2/HIUS403/77pa/Chad/news VS061261.jpg
98.07.29 11:03 B C:\Temp\Chad\news\VS073161.jpg --> jefferson.village /lv12/users/ela/vshadow2/HIUS403/77pa/Chad/news VS073161.jpg
98.07.29 11:03 B C:\Temp\Chad\news\VS121064.html --> jefferson.village /lv12/users/ela/vshadow2/HIUS403/77pa/Chad/news VS121064.html
98.07.29 11:03 B C:\Temp\Chad\news\women.html --> jefferson.village /lv12/users/ela/vshadow2/HIUS403/77pa/Chad/news women.html
