98.07.29 11:01 B C:\Temp\Chad\ambulance.jpg <-- jch /p6/users/ela/public_html/77pa/Chad ambulance.jpg
98.07.29 11:01 B C:\Temp\Chad\back.html <-- jch /p6/users/ela/public_html/77pa/Chad back.html
98.07.29 11:01 B C:\Temp\Chad\back1.html <-- jch /p6/users/ela/public_html/77pa/Chad back1.html
98.07.29 11:01 B C:\Temp\Chad\back2.html <-- jch /p6/users/ela/public_html/77pa/Chad back2.html
98.07.29 11:01 B C:\Temp\Chad\chambers <-- jch /p6/users/ela/public_html/77pa/Chad chambers
98.07.29 11:01 B C:\Temp\Chad\chambers.jpg <-- jch /p6/users/ela/public_html/77pa/Chad chambers.jpg
98.07.29 11:01 B C:\Temp\Chad\chamhead.jpg <-- jch /p6/users/ela/public_html/77pa/Chad chamhead.jpg
98.07.29 11:01 B C:\Temp\Chad\chart.html <-- jch /p6/users/ela/public_html/77pa/Chad chart.html
98.07.29 11:01 B C:\Temp\Chad\election.html <-- jch /p6/users/ela/public_html/77pa/Chad election.html
98.07.29 11:01 B C:\Temp\Chad\ET_FadeText.class <-- jch /p6/users/ela/public_html/77pa/Chad ET_FadeText.class
98.07.29 11:01 B C:\Temp\Chad\flagpoem.jpg <-- jch /p6/users/ela/public_html/77pa/Chad flagpoem.jpg
98.07.29 11:01 B C:\Temp\Chad\furlough.html <-- jch /p6/users/ela/public_html/77pa/Chad furlough.html
98.07.29 11:01 B C:\Temp\Chad\harpnews.JPG <-- jch /p6/users/ela/public_html/77pa/Chad harpnews.JPG
98.07.29 11:01 B C:\Temp\Chad\harpsold.JPG <-- jch /p6/users/ela/public_html/77pa/Chad harpsold.JPG
98.07.29 11:01 B C:\Temp\Chad\harpvote.JPG <-- jch /p6/users/ela/public_html/77pa/Chad harpvote.JPG
98.07.29 11:01 B C:\Temp\Chad\harpwom.JPG <-- jch /p6/users/ela/public_html/77pa/Chad harpwom.JPG
98.07.29 11:01 B C:\Temp\Chad\head1.jpg <-- jch /p6/users/ela/public_html/77pa/Chad head1.jpg
98.07.29 11:01 B C:\Temp\Chad\head2.jpg <-- jch /p6/users/ela/public_html/77pa/Chad head2.jpg
98.07.29 11:01 B C:\Temp\Chad\housum.jpg <-- jch /p6/users/ela/public_html/77pa/Chad housum.jpg
98.07.29 11:01 B C:\Temp\Chad\kirk.JPG <-- jch /p6/users/ela/public_html/77pa/Chad kirk.JPG
98.07.29 11:01 B C:\Temp\Chad\mccook2.JPG <-- jch /p6/users/ela/public_html/77pa/Chad mccook2.JPG
98.07.29 11:01 B C:\Temp\Chad\menu.html <-- jch /p6/users/ela/public_html/77pa/Chad menu.html
98.07.29 11:01 B C:\Temp\Chad\papers.html <-- jch /p6/users/ela/public_html/77pa/Chad papers.html
98.07.29 11:01 B C:\Temp\Chad\papers.html.save <-- jch /p6/users/ela/public_html/77pa/Chad papers.html.save
98.07.29 11:01 B C:\Temp\Chad\pennsylv.jpg <-- jch /p6/users/ela/public_html/77pa/Chad pennsylv.jpg
98.07.29 11:01 B C:\Temp\Chad\pic1.gif <-- jch /p6/users/ela/public_html/77pa/Chad pic1.gif
98.07.29 11:01 B C:\Temp\Chad\pic2.gif <-- jch /p6/users/ela/public_html/77pa/Chad pic2.gif
98.07.29 11:01 B C:\Temp\Chad\pic3.gif <-- jch /p6/users/ela/public_html/77pa/Chad pic3.gif
98.07.29 11:01 B C:\Temp\Chad\pic4.gif <-- jch /p6/users/ela/public_html/77pa/Chad pic4.gif
98.07.29 11:01 B C:\Temp\Chad\pic4.jpg <-- jch /p6/users/ela/public_html/77pa/Chad pic4.jpg
98.07.29 11:01 B C:\Temp\Chad\pic5.gif <-- jch /p6/users/ela/public_html/77pa/Chad pic5.gif
98.07.29 11:01 B C:\Temp\Chad\pic6.gif <-- jch /p6/users/ela/public_html/77pa/Chad pic6.gif
98.07.29 11:01 B C:\Temp\Chad\pic6.jpg <-- jch /p6/users/ela/public_html/77pa/Chad pic6.jpg
98.07.29 11:01 B C:\Temp\Chad\plight.html <-- jch /p6/users/ela/public_html/77pa/Chad plight.html
98.07.29 11:01 B C:\Temp\Chad\plighthd.jpg <-- jch /p6/users/ela/public_html/77pa/Chad plighthd.jpg
98.07.29 11:01 B C:\Temp\Chad\pol1.html <-- jch /p6/users/ela/public_html/77pa/Chad pol1.html
98.07.29 11:01 B C:\Temp\Chad\pol2.html <-- jch /p6/users/ela/public_html/77pa/Chad pol2.html
98.07.29 11:01 B C:\Temp\Chad\polhead.jpg <-- jch /p6/users/ela/public_html/77pa/Chad polhead.jpg
98.07.29 11:01 B C:\Temp\Chad\politics.html <-- jch /p6/users/ela/public_html/77pa/Chad politics.html
98.07.29 11:01 B C:\Temp\Chad\politics2.html <-- jch /p6/users/ela/public_html/77pa/Chad politics2.html
98.07.29 11:01 B C:\Temp\Chad\polquote.jpg <-- jch /p6/users/ela/public_html/77pa/Chad polquote.jpg
98.07.29 11:01 B C:\Temp\Chad\quote1.jpg <-- jch /p6/users/ela/public_html/77pa/Chad quote1.jpg
98.07.29 11:01 B C:\Temp\Chad\quote2.jpg <-- jch /p6/users/ela/public_html/77pa/Chad quote2.jpg
98.07.29 11:01 B C:\Temp\Chad\quote3.gif <-- jch /p6/users/ela/public_html/77pa/Chad quote3.gif
98.07.29 11:01 B C:\Temp\Chad\quote3.jpg <-- jch /p6/users/ela/public_html/77pa/Chad quote3.jpg
98.07.29 11:01 B C:\Temp\Chad\quote4.jpg <-- jch /p6/users/ela/public_html/77pa/Chad quote4.jpg
98.07.29 11:01 B C:\Temp\Chad\quote5.jpg <-- jch /p6/users/ela/public_html/77pa/Chad quote5.jpg
98.07.29 11:01 B C:\Temp\Chad\quote6.jpg <-- jch /p6/users/ela/public_html/77pa/Chad quote6.jpg
98.07.29 11:01 B C:\Temp\Chad\rose.jpg <-- jch /p6/users/ela/public_html/77pa/Chad rose.jpg
98.07.29 11:01 B C:\Temp\Chad\royer.html <-- jch /p6/users/ela/public_html/77pa/Chad royer.html
98.07.29 11:01 B C:\Temp\Chad\sealhead.jpg <-- jch /p6/users/ela/public_html/77pa/Chad sealhead.jpg
98.07.29 11:01 B C:\Temp\Chad\song.GIF <-- jch /p6/users/ela/public_html/77pa/Chad song.GIF
98.07.29 11:01 B C:\Temp\Chad\song.html <-- jch /p6/users/ela/public_html/77pa/Chad song.html
98.07.29 11:01 B C:\Temp\Chad\stumbaugh.jpg <-- jch /p6/users/ela/public_html/77pa/Chad stumbaugh.jpg
98.07.29 11:01 B C:\Temp\Chad\valley.gif <-- jch /p6/users/ela/public_html/77pa/Chad valley.gif
98.07.29 11:01 B C:\Temp\Chad\vote.html <-- jch /p6/users/ela/public_html/77pa/Chad vote.html
98.07.29 11:01 B C:\Temp\Chad\VS012262d.JPG <-- jch /p6/users/ela/public_html/77pa/Chad VS012262d.JPG
98.07.29 11:01 B C:\Temp\Chad\warnews.GIF <-- jch /p6/users/ela/public_html/77pa/Chad warnews.GIF
98.07.29 11:01 B C:\Temp\Chad\warnews.htm <-- jch /p6/users/ela/public_html/77pa/Chad warnews.htm
98.07.29 11:01 B C:\Temp\Chad\warnews.htm.save <-- jch /p6/users/ela/public_html/77pa/Chad warnews.htm.save
98.07.29 11:01 B C:\Temp\Chad\warnews.JPG <-- jch /p6/users/ela/public_html/77pa/Chad warnews.JPG
98.07.29 11:01 B C:\Temp\Chad\wounded.jpg <-- jch /p6/users/ela/public_html/77pa/Chad wounded.jpg
98.07.29 11:03 B C:\Temp\Chad\ambulance.jpg --> jefferson.village /lv12/users/ela/vshadow2/HIUS403/77pa/Chad ambulance.jpg
98.07.29 11:03 B C:\Temp\Chad\back.html --> jefferson.village /lv12/users/ela/vshadow2/HIUS403/77pa/Chad back.html
98.07.29 11:03 B C:\Temp\Chad\back1.html --> jefferson.village /lv12/users/ela/vshadow2/HIUS403/77pa/Chad back1.html
98.07.29 11:03 B C:\Temp\Chad\back2.html --> jefferson.village /lv12/users/ela/vshadow2/HIUS403/77pa/Chad back2.html
98.07.29 11:03 B C:\Temp\Chad\chambers --> jefferson.village /lv12/users/ela/vshadow2/HIUS403/77pa/Chad chambers
98.07.29 11:03 B C:\Temp\Chad\chambers.jpg --> jefferson.village /lv12/users/ela/vshadow2/HIUS403/77pa/Chad chambers.jpg
98.07.29 11:03 B C:\Temp\Chad\chamhead.jpg --> jefferson.village /lv12/users/ela/vshadow2/HIUS403/77pa/Chad chamhead.jpg
98.07.29 11:03 B C:\Temp\Chad\chart.html --> jefferson.village /lv12/users/ela/vshadow2/HIUS403/77pa/Chad chart.html
98.07.29 11:03 B C:\Temp\Chad\election.html --> jefferson.village /lv12/users/ela/vshadow2/HIUS403/77pa/Chad election.html
98.07.29 11:03 B C:\Temp\Chad\ET_FadeText.class --> jefferson.village /lv12/users/ela/vshadow2/HIUS403/77pa/Chad ET_FadeText.class
98.07.29 11:03 B C:\Temp\Chad\flagpoem.jpg --> jefferson.village /lv12/users/ela/vshadow2/HIUS403/77pa/Chad flagpoem.jpg
98.07.29 11:03 B C:\Temp\Chad\furlough.html --> jefferson.village /lv12/users/ela/vshadow2/HIUS403/77pa/Chad furlough.html
98.07.29 11:03 B C:\Temp\Chad\harpnews.JPG --> jefferson.village /lv12/users/ela/vshadow2/HIUS403/77pa/Chad harpnews.JPG
98.07.29 11:03 B C:\Temp\Chad\harpsold.JPG --> jefferson.village /lv12/users/ela/vshadow2/HIUS403/77pa/Chad harpsold.JPG
98.07.29 11:03 B C:\Temp\Chad\harpvote.JPG --> jefferson.village /lv12/users/ela/vshadow2/HIUS403/77pa/Chad harpvote.JPG
98.07.29 11:03 B C:\Temp\Chad\harpwom.JPG --> jefferson.village /lv12/users/ela/vshadow2/HIUS403/77pa/Chad harpwom.JPG
98.07.29 11:03 B C:\Temp\Chad\head1.jpg --> jefferson.village /lv12/users/ela/vshadow2/HIUS403/77pa/Chad head1.jpg
98.07.29 11:03 B C:\Temp\Chad\head2.jpg --> jefferson.village /lv12/users/ela/vshadow2/HIUS403/77pa/Chad head2.jpg
98.07.29 11:03 B C:\Temp\Chad\housum.jpg --> jefferson.village /lv12/users/ela/vshadow2/HIUS403/77pa/Chad housum.jpg
98.07.29 11:03 B C:\Temp\Chad\kirk.JPG --> jefferson.village /lv12/users/ela/vshadow2/HIUS403/77pa/Chad kirk.JPG
98.07.29 11:03 B C:\Temp\Chad\mccook2.JPG --> jefferson.village /lv12/users/ela/vshadow2/HIUS403/77pa/Chad mccook2.JPG
98.07.29 11:03 B C:\Temp\Chad\menu.html --> jefferson.village /lv12/users/ela/vshadow2/HIUS403/77pa/Chad menu.html
98.07.29 11:03 B C:\Temp\Chad\papers.html --> jefferson.village /lv12/users/ela/vshadow2/HIUS403/77pa/Chad papers.html
98.07.29 11:03 B C:\Temp\Chad\papers.html.save --> jefferson.village /lv12/users/ela/vshadow2/HIUS403/77pa/Chad papers.html.save
98.07.29 11:03 B C:\Temp\Chad\pennsylv.jpg --> jefferson.village /lv12/users/ela/vshadow2/HIUS403/77pa/Chad pennsylv.jpg
98.07.29 11:03 B C:\Temp\Chad\pic1.gif --> jefferson.village /lv12/users/ela/vshadow2/HIUS403/77pa/Chad pic1.gif
98.07.29 11:03 B C:\Temp\Chad\pic2.gif --> jefferson.village /lv12/users/ela/vshadow2/HIUS403/77pa/Chad pic2.gif
98.07.29 11:03 B C:\Temp\Chad\pic3.gif --> jefferson.village /lv12/users/ela/vshadow2/HIUS403/77pa/Chad pic3.gif
98.07.29 11:03 B C:\Temp\Chad\pic4.gif --> jefferson.village /lv12/users/ela/vshadow2/HIUS403/77pa/Chad pic4.gif
98.07.29 11:03 B C:\Temp\Chad\pic4.jpg --> jefferson.village /lv12/users/ela/vshadow2/HIUS403/77pa/Chad pic4.jpg
98.07.29 11:03 B C:\Temp\Chad\pic5.gif --> jefferson.village /lv12/users/ela/vshadow2/HIUS403/77pa/Chad pic5.gif
98.07.29 11:03 B C:\Temp\Chad\pic6.gif --> jefferson.village /lv12/users/ela/vshadow2/HIUS403/77pa/Chad pic6.gif
98.07.29 11:03 B C:\Temp\Chad\pic6.jpg --> jefferson.village /lv12/users/ela/vshadow2/HIUS403/77pa/Chad pic6.jpg
98.07.29 11:03 B C:\Temp\Chad\plight.html --> jefferson.village /lv12/users/ela/vshadow2/HIUS403/77pa/Chad plight.html
98.07.29 11:03 B C:\Temp\Chad\plighthd.jpg --> jefferson.village /lv12/users/ela/vshadow2/HIUS403/77pa/Chad plighthd.jpg
98.07.29 11:03 B C:\Temp\Chad\pol1.html --> jefferson.village /lv12/users/ela/vshadow2/HIUS403/77pa/Chad pol1.html
98.07.29 11:03 B C:\Temp\Chad\pol2.html --> jefferson.village /lv12/users/ela/vshadow2/HIUS403/77pa/Chad pol2.html
98.07.29 11:03 B C:\Temp\Chad\polhead.jpg --> jefferson.village /lv12/users/ela/vshadow2/HIUS403/77pa/Chad polhead.jpg
98.07.29 11:03 B C:\Temp\Chad\politics.html --> jefferson.village /lv12/users/ela/vshadow2/HIUS403/77pa/Chad politics.html
98.07.29 11:03 B C:\Temp\Chad\politics2.html --> jefferson.village /lv12/users/ela/vshadow2/HIUS403/77pa/Chad politics2.html
98.07.29 11:03 B C:\Temp\Chad\polquote.jpg --> jefferson.village /lv12/users/ela/vshadow2/HIUS403/77pa/Chad polquote.jpg
98.07.29 11:03 B C:\Temp\Chad\quote1.jpg --> jefferson.village /lv12/users/ela/vshadow2/HIUS403/77pa/Chad quote1.jpg
98.07.29 11:03 B C:\Temp\Chad\quote2.jpg --> jefferson.village /lv12/users/ela/vshadow2/HIUS403/77pa/Chad quote2.jpg
98.07.29 11:03 B C:\Temp\Chad\quote3.gif --> jefferson.village /lv12/users/ela/vshadow2/HIUS403/77pa/Chad quote3.gif
98.07.29 11:03 B C:\Temp\Chad\quote3.jpg --> jefferson.village /lv12/users/ela/vshadow2/HIUS403/77pa/Chad quote3.jpg
98.07.29 11:04 B C:\Temp\Chad\quote4.jpg --> jefferson.village /lv12/users/ela/vshadow2/HIUS403/77pa/Chad quote4.jpg
98.07.29 11:04 B C:\Temp\Chad\quote5.jpg --> jefferson.village /lv12/users/ela/vshadow2/HIUS403/77pa/Chad quote5.jpg
98.07.29 11:04 B C:\Temp\Chad\quote6.jpg --> jefferson.village /lv12/users/ela/vshadow2/HIUS403/77pa/Chad quote6.jpg
98.07.29 11:04 B C:\Temp\Chad\rose.jpg --> jefferson.village /lv12/users/ela/vshadow2/HIUS403/77pa/Chad rose.jpg
98.07.29 11:04 B C:\Temp\Chad\royer.html --> jefferson.village /lv12/users/ela/vshadow2/HIUS403/77pa/Chad royer.html
98.07.29 11:04 B C:\Temp\Chad\sealhead.jpg --> jefferson.village /lv12/users/ela/vshadow2/HIUS403/77pa/Chad sealhead.jpg
98.07.29 11:04 B C:\Temp\Chad\song.GIF --> jefferson.village /lv12/users/ela/vshadow2/HIUS403/77pa/Chad song.GIF
98.07.29 11:04 B C:\Temp\Chad\song.html --> jefferson.village /lv12/users/ela/vshadow2/HIUS403/77pa/Chad song.html
98.07.29 11:04 B C:\Temp\Chad\stumbaugh.jpg --> jefferson.village /lv12/users/ela/vshadow2/HIUS403/77pa/Chad stumbaugh.jpg
98.07.29 11:04 B C:\Temp\Chad\valley.gif --> jefferson.village /lv12/users/ela/vshadow2/HIUS403/77pa/Chad valley.gif
98.07.29 11:04 B C:\Temp\Chad\vote.html --> jefferson.village /lv12/users/ela/vshadow2/HIUS403/77pa/Chad vote.html
98.07.29 11:04 B C:\Temp\Chad\VS012262d.JPG --> jefferson.village /lv12/users/ela/vshadow2/HIUS403/77pa/Chad VS012262d.JPG
98.07.29 11:04 B C:\Temp\Chad\warnews.GIF --> jefferson.village /lv12/users/ela/vshadow2/HIUS403/77pa/Chad warnews.GIF
98.07.29 11:04 B C:\Temp\Chad\warnews.htm --> jefferson.village /lv12/users/ela/vshadow2/HIUS403/77pa/Chad warnews.htm
98.07.29 11:04 B C:\Temp\Chad\warnews.htm.save --> jefferson.village /lv12/users/ela/vshadow2/HIUS403/77pa/Chad warnews.htm.save
98.07.29 11:04 B C:\Temp\Chad\warnews.JPG --> jefferson.village /lv12/users/ela/vshadow2/HIUS403/77pa/Chad warnews.JPG
98.07.29 11:04 B C:\Temp\Chad\wounded.jpg --> jefferson.village /lv12/users/ela/vshadow2/HIUS403/77pa/Chad wounded.jpg
