98.07.29 11:08 B C:\Temp\maps\map1.jpg <-- jch /p6/users/ela/public_html/77pa/maps map1.jpg
98.07.29 11:08 B C:\Temp\maps\map1but1.jpg <-- jch /p6/users/ela/public_html/77pa/maps map1but1.jpg
98.07.29 11:08 B C:\Temp\maps\map1but2.jpg <-- jch /p6/users/ela/public_html/77pa/maps map1but2.jpg
98.07.29 11:08 B C:\Temp\maps\map1but3.jpg <-- jch /p6/users/ela/public_html/77pa/maps map1but3.jpg
98.07.29 11:08 B C:\Temp\maps\map2a.html <-- jch /p6/users/ela/public_html/77pa/maps map2a.html
98.07.29 11:08 B C:\Temp\maps\map2a.jpg <-- jch /p6/users/ela/public_html/77pa/maps map2a.jpg
98.07.29 11:08 B C:\Temp\maps\map2b.html <-- jch /p6/users/ela/public_html/77pa/maps map2b.html
98.07.29 11:08 B C:\Temp\maps\map2b.jpg <-- jch /p6/users/ela/public_html/77pa/maps map2b.jpg
98.07.29 11:08 B C:\Temp\maps\maphead1.jpg <-- jch /p6/users/ela/public_html/77pa/maps maphead1.jpg
98.07.29 11:08 B C:\Temp\maps\maphead2.jpg <-- jch /p6/users/ela/public_html/77pa/maps maphead2.jpg
98.07.29 11:08 B C:\Temp\maps\thumb1.jpg <-- jch /p6/users/ela/public_html/77pa/maps thumb1.jpg
98.07.29 11:08 B C:\Temp\maps\thumb2.jpg <-- jch /p6/users/ela/public_html/77pa/maps thumb2.jpg
98.07.29 11:12 B C:\Temp\maps\map1.jpg --> jefferson.village /lv12/users/ela/vshadow2/HIUS403/77pa/maps map1.jpg
98.07.29 11:12 B C:\Temp\maps\map1but1.jpg --> jefferson.village /lv12/users/ela/vshadow2/HIUS403/77pa/maps map1but1.jpg
98.07.29 11:12 B C:\Temp\maps\map1but2.jpg --> jefferson.village /lv12/users/ela/vshadow2/HIUS403/77pa/maps map1but2.jpg
98.07.29 11:12 B C:\Temp\maps\map1but3.jpg --> jefferson.village /lv12/users/ela/vshadow2/HIUS403/77pa/maps map1but3.jpg
98.07.29 11:12 B C:\Temp\maps\map2a.html --> jefferson.village /lv12/users/ela/vshadow2/HIUS403/77pa/maps map2a.html
98.07.29 11:12 B C:\Temp\maps\map2a.jpg --> jefferson.village /lv12/users/ela/vshadow2/HIUS403/77pa/maps map2a.jpg
98.07.29 11:12 B C:\Temp\maps\map2b.html --> jefferson.village /lv12/users/ela/vshadow2/HIUS403/77pa/maps map2b.html
98.07.29 11:12 B C:\Temp\maps\map2b.jpg --> jefferson.village /lv12/users/ela/vshadow2/HIUS403/77pa/maps map2b.jpg
98.07.29 11:12 B C:\Temp\maps\maphead1.jpg --> jefferson.village /lv12/users/ela/vshadow2/HIUS403/77pa/maps maphead1.jpg
98.07.29 11:12 B C:\Temp\maps\maphead2.jpg --> jefferson.village /lv12/users/ela/vshadow2/HIUS403/77pa/maps maphead2.jpg
98.07.29 11:12 B C:\Temp\maps\thumb1.jpg --> jefferson.village /lv12/users/ela/vshadow2/HIUS403/77pa/maps thumb1.jpg
98.07.29 11:12 B C:\Temp\maps\thumb2.jpg --> jefferson.village /lv12/users/ela/vshadow2/HIUS403/77pa/maps thumb2.jpg
